#
# A fatal error has been detected by the Java Runtime Environment:
#
#  SIGSEGV (0xb) at pc=0x000000011fa377d6, pid=4232, tid=37891
#
# JRE version: Java(TM) SE Runtime Environment (16.0.2+7) (build 16.0.2+7-67)
# Java VM: Java HotSpot(TM) 64-Bit Server VM (16.0.2+7-67, mixed mode, sharing, tiered, compressed oops, compressed class ptrs, g1 gc, bsd-amd64)
# Problematic frame:
# J 3136 c1 sun.reflect.generics.parser.SignatureParser.parseClassTypeSignature()Lsun/reflect/generics/tree/ClassTypeSignature; java.base@16.0.2 (118 bytes) @ 0x000000011fa377d6 [0x000000011fa37520+0x00000000000002b6]
#
# No core dump will be written. Core dumps have been disabled. To enable core dumping, try "ulimit -c unlimited" before starting Java again
#
# If you would like to submit a bug report, please visit:
#   https://bugreport.java.com/bugreport/crash.jsp
#

---------------  S U M M A R Y ------------

Command Line: -javaagent:/Applications/IntelliJ IDEA CE.app/Contents/lib/idea_rt.jar=50368:/Applications/IntelliJ IDEA CE.app/Contents/bin -Dfile.encoding=UTF-8 com.example.demo.ApiMinitaskApplication

Host: Macmini5,3 x86_64 2000 MHz, 8 cores, 12G, Darwin 17.7.0, macOS 10.13.6 (17G14042)
Time: Mon Nov  1 23:06:40 2021 CST elapsed time: 4.397169 seconds (0d 0h 0m 4s)

---------------  T H R E A D  ---------------

Current thread (0x00007fc41e89bc00):  JavaThread "restartedMain" [_thread_in_Java, id=37891, stack(0x0000700010c61000,0x0000700010d61000)]

Stack: [0x0000700010c61000,0x0000700010d61000],  sp=0x0000700010d5eca0,  free space=1015k
Native frames: (J=compiled Java code, A=aot compiled Java code, j=interpreted, Vv=VM code, C=native code)
J 3136 c1 sun.reflect.generics.parser.SignatureParser.parseClassTypeSignature()Lsun/reflect/generics/tree/ClassTypeSignature; java.base@16.0.2 (118 bytes) @ 0x000000011fa377d6 [0x000000011fa37520+0x00000000000002b6]
J 1770 c1 sun.reflect.generics.parser.SignatureParser.parseFieldTypeSignature(Z)Lsun/reflect/generics/tree/FieldTypeSignature; java.base@16.0.2 (73 bytes) @ 0x000000011f7035d4 [0x000000011f703200+0x00000000000003d4]
J 1931 c1 sun.reflect.generics.parser.SignatureParser.parseTypeSignature()Lsun/reflect/generics/tree/TypeSignature; java.base@16.0.2 (130 bytes) @ 0x000000011f74c7d4 [0x000000011f74c460+0x0000000000000374]
J 1951 c1 sun.reflect.annotation.AnnotationParser.parseSig(Ljava/lang/String;Ljava/lang/Class;)Ljava/lang/Class; java.base@16.0.2 (62 bytes) @ 0x000000011f755494 [0x000000011f755200+0x0000000000000294]
J 1960 c1 sun.reflect.annotation.AnnotationParser.parseAnnotation2(Ljava/nio/ByteBuffer;Ljdk/internal/reflect/ConstantPool;Ljava/lang/Class;Z[Ljava/lang/Class;)Ljava/lang/annotation/Annotation; java.base@16.0.2 (284 bytes) @ 0x000000011f75a19c [0x000000011f759fc0+0x00000000000001dc]
j  sun.reflect.annotation.AnnotationParser.parseAnnotation(Ljava/nio/ByteBuffer;Ljdk/internal/reflect/ConstantPool;Ljava/lang/Class;Z)Ljava/lang/annotation/Annotation;+5 java.base@16.0.2
j  sun.reflect.annotation.AnnotationParser.parseParameterAnnotations2([BLjdk/internal/reflect/ConstantPool;Ljava/lang/Class;)[[Ljava/lang/annotation/Annotation;+66 java.base@16.0.2
j  sun.reflect.annotation.AnnotationParser.parseParameterAnnotations([BLjdk/internal/reflect/ConstantPool;Ljava/lang/Class;)[[Ljava/lang/annotation/Annotation;+3 java.base@16.0.2
j  java.lang.reflect.Executable.parseParameterAnnotations([B)[[Ljava/lang/annotation/Annotation;+17 java.base@16.0.2
j  java.lang.reflect.Executable.sharedGetParameterAnnotations([Ljava/lang/Class;[B)[[Ljava/lang/annotation/Annotation;+16 java.base@16.0.2
j  java.lang.reflect.Method.getParameterAnnotations()[[Ljava/lang/annotation/Annotation;+9 java.base@16.0.2
j  org.springframework.core.MethodParameter.getParameterAnnotations()[Ljava/lang/annotation/Annotation;+13
j  org.springframework.beans.factory.InjectionPoint.getAnnotations()[Ljava/lang/annotation/Annotation;+35
j  org.springframework.context.annotation.ContextAnnotationAutowireCandidateResolver.isLazy(Lorg/springframework/beans/factory/config/DependencyDescriptor;)Z+1
j  org.springframework.context.annotation.ContextAnnotationAutowireCandidateResolver.getLazyResolutionProxyIfNecessary(Lorg/springframework/beans/factory/config/DependencyDescriptor;Ljava/lang/String;)Ljava/lang/Object;+2
j  org.springframework.beans.factory.support.DefaultListableBeanFactory.resolveDependency(Lorg/springframework/beans/factory/config/DependencyDescriptor;Ljava/lang/String;Ljava/util/Set;Lorg/springframework/beans/TypeConverter;)Ljava/lang/Object;+90
j  org.springframework.beans.factory.support.ConstructorResolver.resolveAutowiredArgument(Lorg/springframework/core/MethodParameter;Ljava/lang/String;Ljava/util/Set;Lorg/springframework/beans/TypeConverter;Z)Ljava/lang/Object;+79
j  org.springframework.beans.factory.support.ConstructorResolver.createArgumentArray(Ljava/lang/String;Lorg/springframework/beans/factory/support/RootBeanDefinition;Lorg/springframework/beans/factory/config/ConstructorArgumentValues;Lorg/springframework/beans/BeanWrapper;[Ljava/lang/Class;[Ljava/lang/String;Ljava/lang/reflect/Executable;ZZ)Lorg/springframework/beans/factory/support/ConstructorResolver$ArgumentsHolder;+434
j  org.springframework.beans.factory.support.ConstructorResolver.instantiateUsingFactoryMethod(Ljava/lang/String;Lorg/springframework/beans/factory/support/RootBeanDefinition;[Ljava/lang/Object;)Lorg/springframework/beans/BeanWrapper;+736
j  org.springframework.beans.factory.support.AbstractAutowireCapableBeanFactory.instantiateUsingFactoryMethod(Ljava/lang/String;Lorg/springframework/beans/factory/support/RootBeanDefinition;[Ljava/lang/Object;)Lorg/springframework/beans/BeanWrapper;+11
j  org.springframework.beans.factory.support.AbstractAutowireCapableBeanFactory.createBeanInstance(Ljava/lang/String;Lorg/springframework/beans/factory/support/RootBeanDefinition;[Ljava/lang/Object;)Lorg/springframework/beans/BeanWrapper;+102
j  org.springframework.beans.factory.support.AbstractAutowireCapableBeanFactory.doCreateBean(Ljava/lang/String;Lorg/springframework/beans/factory/support/RootBeanDefinition;[Ljava/lang/Object;)Ljava/lang/Object;+34
j  org.springframework.beans.factory.support.AbstractAutowireCapableBeanFactory.createBean(Ljava/lang/String;Lorg/springframework/beans/factory/support/RootBeanDefinition;[Ljava/lang/Object;)Ljava/lang/Object;+169
j  org.springframework.beans.factory.support.AbstractBeanFactory.lambda$doGetBean$0(Ljava/lang/String;Lorg/springframework/beans/factory/support/RootBeanDefinition;[Ljava/lang/Object;)Ljava/lang/Object;+4
j  org.springframework.beans.factory.support.AbstractBeanFactory$$Lambda$272+0x0000000800db5628.getObject()Ljava/lang/Object;+16
j  org.springframework.beans.factory.support.DefaultSingletonBeanRegistry.getSingleton(Ljava/lang/String;Lorg/springframework/beans/factory/ObjectFactory;)Ljava/lang/Object;+132
J 2962 c1 org.springframework.beans.factory.support.AbstractBeanFactory.doGetBean(Ljava/lang/String;Ljava/lang/Class;[Ljava/lang/Object;Z)Ljava/lang/Object; (832 bytes) @ 0x000000011f9b70ec [0x000000011f9b53a0+0x0000000000001d4c]
J 2413 c1 org.springframework.beans.factory.support.AbstractBeanFactory.getBean(Ljava/lang/String;Ljava/lang/Class;)Ljava/lang/Object; (9 bytes) @ 0x000000011f875c4c [0x000000011f875b40+0x000000000000010c]
j  org.springframework.context.support.PostProcessorRegistrationDelegate.registerBeanPostProcessors(Lorg/springframework/beans/factory/config/ConfigurableListableBeanFactory;Lorg/springframework/context/support/AbstractApplicationContext;)V+264
j  org.springframework.context.support.AbstractApplicationContext.registerBeanPostProcessors(Lorg/springframework/beans/factory/config/ConfigurableListableBeanFactory;)V+2
j  org.springframework.context.support.AbstractApplicationContext.refresh()V+58
j  org.springframework.boot.web.servlet.context.ServletWebServerApplicationContext.refresh()V+1
j  org.springframework.boot.SpringApplication.refresh(Lorg/springframework/context/ConfigurableApplicationContext;)V+1
j  org.springframework.boot.SpringApplication.refreshContext(Lorg/springframework/context/ConfigurableApplicationContext;)V+16
j  org.springframework.boot.SpringApplication.run([Ljava/lang/String;)Lorg/springframework/context/ConfigurableApplicationContext;+111
j  org.springframework.boot.SpringApplication.run([Ljava/lang/Class;[Ljava/lang/String;)Lorg/springframework/context/ConfigurableApplicationContext;+9
j  org.springframework.boot.SpringApplication.run(Ljava/lang/Class;[Ljava/lang/String;)Lorg/springframework/context/ConfigurableApplicationContext;+9
j  com.example.demo.ApiMinitaskApplication.main([Ljava/lang/String;)V+3
v  ~StubRoutines::call_stub
V  [libjvm.dylib+0x508272]  _ZN9JavaCalls11call_helperEP9JavaValueRK12methodHandleP17JavaCallArgumentsP6Thread+0x2d2
V  [libjvm.dylib+0x905d95]  _ZL6invokeP13InstanceKlassRK12methodHandle6Handleb14objArrayHandle9BasicTypeS5_bP6Thread+0xa65
V  [libjvm.dylib+0x9052c8]  _ZN10Reflection13invoke_methodEP7oopDesc6Handle14objArrayHandleP6Thread+0x158
V  [libjvm.dylib+0x5b9ef7]  JVM_InvokeMethod+0x337
j  jdk.internal.reflect.NativeMethodAccessorImpl.invoke0(Ljava/lang/reflect/Method;Ljava/lang/Object;[Ljava/lang/Object;)Ljava/lang/Object;+0 java.base@16.0.2
j  jdk.internal.reflect.NativeMethodAccessorImpl.invoke(Ljava/lang/Object;[Ljava/lang/Object;)Ljava/lang/Object;+146 java.base@16.0.2
j  jdk.internal.reflect.DelegatingMethodAccessorImpl.invoke(Ljava/lang/Object;[Ljava/lang/Object;)Ljava/lang/Object;+6 java.base@16.0.2
j  java.lang.reflect.Method.invoke(Ljava/lang/Object;[Ljava/lang/Object;)Ljava/lang/Object;+59 java.base@16.0.2
j  org.springframework.boot.devtools.restart.RestartLauncher.run()V+42
v  ~StubRoutines::call_stub
V  [libjvm.dylib+0x508272]  _ZN9JavaCalls11call_helperEP9JavaValueRK12methodHandleP17JavaCallArgumentsP6Thread+0x2d2
V  [libjvm.dylib+0x5072b7]  _ZN9JavaCalls12call_virtualEP9JavaValueP5KlassP6SymbolS5_P17JavaCallArgumentsP6Thread+0x147
V  [libjvm.dylib+0x507383]  _ZN9JavaCalls12call_virtualEP9JavaValue6HandleP5KlassP6SymbolS6_P6Thread+0x63
V  [libjvm.dylib+0x5b5534]  _ZL12thread_entryP10JavaThreadP6Thread+0xb4
V  [libjvm.dylib+0xa043cd]  _ZN10JavaThread17thread_main_innerEv+0xcd
V  [libjvm.dylib+0xa01d11]  _ZN6Thread8call_runEv+0x71
V  [libjvm.dylib+0x890937]  _ZL19thread_native_entryP6Thread+0x157
C  [libsystem_pthread.dylib+0x3661]  _pthread_body+0x154
C  [libsystem_pthread.dylib+0x350d]  _pthread_body+0x0
C  [libsystem_pthread.dylib+0x2bf9]  thread_start+0xd


siginfo: si_signo: 11 (SIGSEGV), si_code: 1 (SEGV_MAPERR), si_addr: 0x0000000041cbc89e

Register to memory mapping:

RAX=0x0000000741cb4db8 is an oop: sun.reflect.generics.tree.SimpleClassTypeSignature 
{0x0000000741cb4db8} - klass: 'sun/reflect/generics/tree/SimpleClassTypeSignature'
RBX=0x0 is NULL
RCX=0x0000000000007be6 is an unknown value
RDX=0x0000000741cb4cd0 is an oop: [Ljava.lang.Object; 
{0x0000000741cb4cd0} - klass: 'java/lang/Object'[]
 - length: 5
RSP=0x0000700010d5eca0 is pointing into the stack for thread: 0x00007fc41e89bc00
RBP=0x0000700010d5f0e0 is pointing into the stack for thread: 0x00007fc41e89bc00
RSI=0x00000001330836a0 is pointing into metadata
RDI=0x0000000041cbc89e is an unknown value
R8 =0x0 is NULL
R9 =0x0000000741cb4da8 is an oop: [Lsun.reflect.generics.tree.TypeArgument; 
{0x0000000741cb4da8} - klass: 'sun/reflect/generics/tree/TypeArgument'[]
 - length: 0
R10=0x0000000800000000 is pointing into metadata
R11=3896076684 is a compressed pointer to object: [B 
{0x0000000741cb4c60} - klass: {type array byte}
 - length: 45
R12=0x0 is NULL
R13=0x0000000741cb4cf8 is an oop: java.lang.String 
{0x0000000741cb4cf8} - klass: 'java/lang/String'
R14=3896076706 is a compressed pointer to object: [B 
{0x0000000741cb4d10} - klass: {type array byte}
 - length: 43
R15=0x00007fc41e89bc00 is a thread


Registers:
RAX=0x0000000741cb4db8, RBX=0x0000000000000000, RCX=0x0000000000007be6, RDX=0x0000000741cb4cd0
RSP=0x0000700010d5eca0, RBP=0x0000700010d5f0e0, RSI=0x00000001330836a0, RDI=0x0000000041cbc89e
R8 =0x0000000000000000, R9 =0x0000000741cb4da8, R10=0x0000000800000000, R11=0x00000000e839698c
R12=0x0000000000000000, R13=0x0000000741cb4cf8, R14=0x00000000e83969a2, R15=0x00007fc41e89bc00
RIP=0x000000011fa377d6, EFLAGS=0x0000000000010202, ERR=0x0000000000000006
  TRAPNO=0x000000000000000e

Top of Stack: (sp=0x0000700010d5eca0)
0x0000700010d5eca0:   fd00000070001001 00007fc41e89ffff
0x0000700010d5ecb0:   0000700010d5ed90 000000011130831f
0x0000700010d5ecc0:   0000000000000000 00007fc41e89bc00
0x0000700010d5ecd0:   0000000000000a00 000000010fd07a00
0x0000700010d5ece0:   0000000000000001 00007fc41cf3aff8
0x0000700010d5ecf0:   00000000000000d8 000000010fd05080
0x0000700010d5ed00:   00007fc41e89bc00 000000010fd08400
0x0000700010d5ed10:   0000000000000000 0000700010d5eda8
0x0000700010d5ed20:   000000000000002d 0000000741cb4c48
0x0000700010d5ed30:   0000000000000000 00007fc41cf3af48
0x0000700010d5ed40:   0000700010d5ed90 0000000741cb4ca0
0x0000700010d5ed50:   0000000741cb4cb8 00007fc41e89bc00
0x0000700010d5ed60:   0000700010d5ed80 0000000000000000
0x0000700010d5ed70:   0000000000000000 0000000000000000
0x0000700010d5ed80:   0000700010d5f0e0 000000011f7035d4
0x0000700010d5ed90:   0000700010d5edd0 000000011110c726
0x0000700010d5eda0:   0000700010d5edd0 0000000111a41588
0x0000700010d5edb0:   0000000741cb4c48 000000000000002d
0x0000700010d5edc0:   0000000000000000 00007fc41cf3af48
0x0000700010d5edd0:   0000700010d5ee10 00000001113092c4
0x0000700010d5ede0:   0000000111a58101 00007fc41e89bc00
0x0000700010d5edf0:   00007fc41db1c196 0000700010d5f070
0x0000700010d5ee00:   0000000000000001 0000000741cb4ca0
0x0000700010d5ee10:   0000700010d5ee50 000000011139ef2d
0x0000700010d5ee20:   0000700010d5f0e0 000000011f74c7d4
0x0000700010d5ee30:   00007fc41e89bc00 0000700010d5f070
0x0000700010d5ee40:   00007fc41cf347a0 00007fc41da67510
0x0000700010d5ee50:   0000700010d5eec0 0000000741cb4ca0
0x0000700010d5ee60:   0000000111a3df90 0000000000000000
0x0000700010d5ee70:   0000700010d5f0e0 000000011f755494
0x0000700010d5ee80:   000000074016a000 0000000000000000
0x0000700010d5ee90:   0000000134dfce68 00007fc41e89bc00 

Instructions: (pc=0x000000011fa377d6)
0x000000011fa376d6:   ba 00 00 00 00 08 00 00 00 49 03 d2 48 3b 96 d0
0x000000011fa376e6:   02 00 00 75 0d 48 83 86 d8 02 00 00 01 e9 66 00
0x000000011fa376f6:   00 00 48 3b 96 e0 02 00 00 75 0d 48 83 86 e8 02
0x000000011fa37706:   00 00 01 e9 50 00 00 00 48 81 be d0 02 00 00 00
0x000000011fa37716:   00 00 00 75 17 48 89 96 d0 02 00 00 48 c7 86 d8
0x000000011fa37726:   02 00 00 01 00 00 00 e9 2c 00 00 00 48 81 be e0
0x000000011fa37736:   02 00 00 00 00 00 00 75 17 48 89 96 e0 02 00 00
0x000000011fa37746:   48 c7 86 e8 02 00 00 01 00 00 00 e9 08 00 00 00
0x000000011fa37756:   48 83 86 c0 02 00 00 01 48 ba f8 34 08 33 01 00
0x000000011fa37766:   00 00 8b b2 e4 00 00 00 83 c6 02 89 b2 e4 00 00
0x000000011fa37776:   00 81 e6 fe ff 1f 00 83 fe 00 0f 84 8c 0d 00 00
0x000000011fa37786:   48 8b bc 24 b0 00 00 00 8b 57 0c ff c2 89 57 0c
0x000000011fa37796:   8b 57 14 48 c1 e2 03 8b 5f 10 48 8b f7 48 b9 f8
0x000000011fa377a6:   34 08 33 01 00 00 00 48 83 81 28 01 00 00 01 48
0x000000011fa377b6:   be a0 36 08 33 01 00 00 00 8b 8e e4 00 00 00 83
0x000000011fa377c6:   c1 02 89 8e e4 00 00 00 81 e1 fe ff 1f 00 03 f9
0x000000011fa377d6:   00 0f 84 56 0d 00 00 8b 72 0c 3b de 48 be a0 36
0x000000011fa377e6:   08 33 01 00 00 00 48 b9 28 01 00 00 00 00 00 00
0x000000011fa377f6:   0f 85 0a 00 00 00 48 b9 38 01 00 00 00 00 00 00
0x000000011fa37806:   4c 8b 04 0e 4d 8d 40 01 4c 89 04 0e 0f 85 8e 00
0x000000011fa37816:   00 00 48 89 84 24 c0 00 00 00 48 8b d7 48 be a0
0x000000011fa37826:   36 08 33 01 00 00 00 48 83 86 48 01 00 00 01 48
0x000000011fa37836:   ba b0 38 08 33 01 00 00 00 8b b2 e4 00 00 00 83
0x000000011fa37846:   c6 02 89 b2 e4 00 00 00 81 e6 fe ff 1f 00 83 fe
0x000000011fa37856:   00 0f 84 fc 0c 00 00 48 8b d7 48 be b0 38 08 33
0x000000011fa37866:   01 00 00 00 48 83 86 28 01 00 00 01 48 8b d3 ff
0x000000011fa37876:   c2 48 8b f7 89 9c 24 b8 00 00 00 66 0f 1f 44 00
0x000000011fa37886:   00 e8 f4 11 45 ff 48 8b d0 8b 9c 24 b8 00 00 00
0x000000011fa37896:   48 8b 84 24 c0 00 00 00 48 8b bc 24 b0 00 00 00
0x000000011fa378a6:   3b 5a 0c 0f 83 d5 0c 00 00 48 83 f8 00 75 16 48
0x000000011fa378b6:   b9 a0 36 08 33 01 00 00 00 80 89 79 01 00 00 01
0x000000011fa378c6:   e9 0d 01 00 00 8b 72 08 48 c1 e6 03 49 ba 00 00 


Stack slot to memory mapping:
stack at sp + 0 slots: 0xfd00000070001001 is an unknown value
stack at sp + 1 slots: 0x00007fc41e89ffff points into unknown readable memory: 00
stack at sp + 2 slots: 0x0000700010d5ed90 is pointing into the stack for thread: 0x00007fc41e89bc00
stack at sp + 3 slots: 0x000000011130831f: _ZN9JavaCalls11call_helperEP9JavaValueRK12methodHandleP17JavaCallArgumentsP6Thread+0x37f in /Library/Java/JavaVirtualMachines/jdk-16.0.2.jdk/Contents/Home/lib/server/libjvm.dylib at 0x0000000110e00000
stack at sp + 4 slots: 0x0 is NULL
stack at sp + 5 slots: 0x00007fc41e89bc00 is a thread
stack at sp + 6 slots: 0x0000000000000a00 is an unknown value
stack at sp + 7 slots: 0x000000010fd07a00 points into unknown readable memory: 0x0000000000000000 | 00 00 00 00 00 00 00 00

--------------------------------------------------------------------------------
[Constant Pool (empty)]

--------------------------------------------------------------------------------

[MachCode]
  0x000000011fa37520: 448b 5608 | 49c1 e203 | 49bb 0000 | 0000 0800 | 0000 4d03 | d34c 3bd0 | 0f85 4212 | 45ff 6690 
  0x000000011fa37540: 8984 2400 | c0fe ff55 | 4881 ece0 | 0000 0048 | 89b4 24a8 | 0000 0048 | bf28 dd3a | 3301 0000 
  0x000000011fa37560: 008b 9fe4 | 0000 0083 | c302 899f | e400 0000 | 81e3 fe07 | 0000 83fb | 000f 8465 | 0f00 0048 
  0x000000011fa37580: bf28 dd3a | 3301 0000 | 00ff 8728 | 0100 0048 | 8bfe 48bb | 28dd 3a33 | 0100 0000 | 4883 83b0 
  0x000000011fa375a0: 0100 0001 | 488b fe48 | 8bf7 0f1f | 4400 00e8 | 0ca4 f206 | 83f8 4c48 | be28 dd3a | 3301 0000 
  0x000000011fa375c0: 0048 bff8 | 0100 0000 | 0000 000f | 850a 0000 | 0048 bfe8 | 0100 0000 | 0000 0048 | 8b1c 3e48 
  0x000000011fa375e0: 8d5b 0148 | 891c 3e48 | 8bb4 24a8 | 0000 000f | 85bf 0e00 | 0048 bf28 | dd3a 3301 | 0000 0048 
  0x000000011fa37600: 8387 4002 | 0000 0148 | 8bb4 24a8 | 0000 00e8 | 2cdc f206 | 48ba e0fc | 0000 0800 | 0000 498b 
  0x000000011fa37620: 8730 0100 | 0048 8d78 | 1849 3bbf | 4001 0000 | 0f87 cf0e | 0000 4989 | bf30 0100 | 0048 c700 
  0x000000011fa37640: 0100 0000 | 488b ca49 | ba00 0000 | 0008 0000 | 0049 2bca | 48c1 e903 | 8948 0848 | 33c9 8948 
  0x000000011fa37660: 0c48 33c9 | 4889 4810 | 4889 8424 | b000 0000 | 488b d048 | be28 dd3a | 3301 0000 | 0048 8386 
  0x000000011fa37680: 7802 0000 | 01ba 0500 | 0000 488b | f066 90e8 | 2ca4 ff06 | 488b b424 | a800 0000 | 48bf 28dd 
  0x000000011fa376a0: 3a33 0100 | 0000 4883 | 8788 0200 | 0001 488b | b424 a800 | 0000 90e8 | 642f bfff | 488b 9424 
  0x000000011fa376c0: b000 0000 | 48be 28dd | 3a33 0100 | 0000 8b52 | 0848 c1e2 | 0349 ba00 | 0000 0008 | 0000 0049 
  0x000000011fa376e0: 03d2 483b | 96d0 0200 | 0075 0d48 | 8386 d802 | 0000 01e9 | 6600 0000 | 483b 96e0 | 0200 0075 
  0x000000011fa37700: 0d48 8386 | e802 0000 | 01e9 5000 | 0000 4881 | bed0 0200 | 0000 0000 | 0075 1748 | 8996 d002 
  0x000000011fa37720: 0000 48c7 | 86d8 0200 | 0001 0000 | 00e9 2c00 | 0000 4881 | bee0 0200 | 0000 0000 | 0075 1748 
  0x000000011fa37740: 8996 e002 | 0000 48c7 | 86e8 0200 | 0001 0000 | 00e9 0800 | 0000 4883 | 86c0 0200 | 0001 48ba 
  0x000000011fa37760: f834 0833 | 0100 0000 | 8bb2 e400 | 0000 83c6 | 0289 b2e4 | 0000 0081 | e6fe ff1f | 0083 fe00 
  0x000000011fa37780: 0f84 8c0d | 0000 488b | bc24 b000 | 0000 8b57 | 0cff c289 | 570c 8b57 | 1448 c1e2 | 038b 5f10 
  0x000000011fa377a0: 488b f748 | b9f8 3408 | 3301 0000 | 0048 8381 | 2801 0000 | 0148 bea0 | 3608 3301 | 0000 008b 
  0x000000011fa377c0: 8ee4 0000 | 0083 c102 | 898e e400 | 0000 81e1 | feff 1f00 | 03f9 000f | 8456 0d00 | 008b 720c 
  0x000000011fa377e0: 3bde 48be | a036 0833 | 0100 0000 | 48b9 2801 | 0000 0000 | 0000 0f85 | 0a00 0000 | 48b9 3801 
  0x000000011fa37800: 0000 0000 | 0000 4c8b | 040e 4d8d | 4001 4c89 | 040e 0f85 | 8e00 0000 | 4889 8424 | c000 0000 
  0x000000011fa37820: 488b d748 | bea0 3608 | 3301 0000 | 0048 8386 | 4801 0000 | 0148 bab0 | 3808 3301 | 0000 008b 
  0x000000011fa37840: b2e4 0000 | 0083 c602 | 89b2 e400 | 0000 81e6 | feff 1f00 | 83fe 000f | 84fc 0c00 | 0048 8bd7 
  0x000000011fa37860: 48be b038 | 0833 0100 | 0000 4883 | 8628 0100 | 0001 488b | d3ff c248 | 8bf7 899c | 24b8 0000 
  0x000000011fa37880: 0066 0f1f | 4400 00e8 | f411 45ff | 488b d08b | 9c24 b800 | 0000 488b | 8424 c000 | 0000 488b 
  0x000000011fa378a0: bc24 b000 | 0000 3b5a | 0c0f 83d5 | 0c00 0048 | 83f8 0075 | 1648 b9a0 | 3608 3301 | 0000 0080 
  0x000000011fa378c0: 8979 0100 | 0001 e90d | 0100 008b | 7208 48c1 | e603 49ba | 0000 0000 | 0800 0000 | 4903 f28b 
  0x000000011fa378e0: 4808 48c1 | e103 49ba | 0000 0000 | 0800 0000 | 4903 ca48 | 8bb6 e000 | 0000 483b | ce0f 842a 
  0x000000011fa37900: 0000 0044 | 8b46 144a | 3b34 010f | 841c 0000 | 0041 83f8 | 200f 85a6 | 0000 0051 | 56e8 de1c 
  0x000000011fa37920: 50ff 595e | 83fe 000f | 8494 0000 | 0048 b9a0 | 3608 3301 | 0000 008b | 7008 48c1 | e603 49ba 
  0x000000011fa37940: 0000 0000 | 0800 0000 | 4903 f248 | 3bb1 9001 | 0000 750d | 4883 8198 | 0100 0001 | e977 0000 
  0x000000011fa37960: 0048 3bb1 | a001 0000 | 750d 4883 | 81a8 0100 | 0001 e961 | 0000 0048 | 81b9 9001 | 0000 0000 
  0x000000011fa37980: 0000 7517 | 4889 b190 | 0100 0048 | c781 9801 | 0000 0100 | 0000 e93d | 0000 0048 | 81b9 a001 
  0x000000011fa379a0: 0000 0000 | 0000 7517 | 4889 b1a0 | 0100 0048 | c781 a801 | 0000 0100 | 0000 e919 | 0000 00eb 
  0x000000011fa379c0: 1748 b9a0 | 3608 3301 | 0000 0048 | 83a9 8001 | 0000 01e9 | bf0b 0000 | 4863 f348 | 8d74 b210 
  0x000000011fa379e0: 410f be57 | 3083 fa00 | 0f85 b20b | 0000 4c8b | d049 c1ea | 0344 8916 | 488b d648 | 33d0 48c1 
  0x000000011fa37a00: ea15 4883 | fa00 0f85 | b20b 0000 | ffc3 895f | 1048 8bb4 | 24a8 0000 | 0048 bb28 | dd3a 3301 
  0x000000011fa37a20: 0000 0048 | 8383 f802 | 0000 0148 | be98 e23a | 3301 0000 | 008b 9ee4 | 0000 0083 | c302 899e 
  0x000000011fa37a40: e400 0000 | 81e3 feff | 1f00 83fb | 000f 8483 | 0b00 000f | 1f44 0000 | 488b b424 | a800 0000 
  0x000000011fa37a60: 488b fe48 | bb98 e23a | 3301 0000 | 0048 8383 | 2801 0000 | 0148 8bfe | 488b f70f | 1f40 00e8 
  0x000000011fa37a80: 3c9f f206 | 83f8 2e48 | be98 e23a | 3301 0000 | 0048 bf60 | 0100 0000 | 0000 000f | 850a 0000 
  0x000000011fa37aa0: 0048 bf70 | 0100 0000 | 0000 0048 | 8b1c 3e48 | 8d5b 0148 | 891c 3e0f | 85f3 0300 | 0048 8bb4 
  0x000000011fa37ac0: 24a8 0000 | 0048 bf98 | e23a 3301 | 0000 0048 | 8387 8001 | 0000 0148 | 8bb4 24a8 | 0000 00e8 
  0x000000011fa37ae0: 9c0f 45ff | 488b b424 | a800 0000 | 48ba 98e2 | 3a33 0100 | 0000 4883 | 82b8 0100 | 0001 ba01 
  0x000000011fa37b00: 0000 0048 | 8bb4 24a8 | 0000 000f | 1f40 00e8 | 6c0f 45ff | 488b 9424 | b000 0000 | 48be 98e2 
  0x000000011fa37b20: 3a33 0100 | 0000 8b52 | 0848 c1e2 | 0349 ba00 | 0000 0008 | 0000 0049 | 03d2 483b | 9600 0200 
  0x000000011fa37b40: 0075 0d48 | 8386 0802 | 0000 01e9 | 6600 0000 | 483b 9610 | 0200 0075 | 0d48 8386 | 1802 0000 
  0x000000011fa37b60: 01e9 5000 | 0000 4881 | be00 0200 | 0000 0000 | 0075 1748 | 8996 0002 | 0000 48c7 | 8608 0200 
  0x000000011fa37b80: 0001 0000 | 00e9 2c00 | 0000 4881 | be10 0200 | 0000 0000 | 0075 1748 | 8996 1002 | 0000 48c7 
  0x000000011fa37ba0: 8618 0200 | 0001 0000 | 00e9 0800 | 0000 4883 | 86f0 0100 | 0001 48ba | f834 0833 | 0100 0000 
  0x000000011fa37bc0: 8bb2 e400 | 0000 83c6 | 0289 b2e4 | 0000 0081 | e6fe ff1f | 0083 fe00 | 0f84 190a | 0000 488b 
  0x000000011fa37be0: bc24 b000 | 0000 8b57 | 0cff c289 | 570c 8b57 | 1448 c1e2 | 038b 5f10 | 488b f748 | b9f8 3408 
  0x000000011fa37c00: 3301 0000 | 0048 8381 | 2801 0000 | 0148 bea0 | 3608 3301 | 0000 008b | 8ee4 0000 | 0083 c102 
  0x000000011fa37c20: 898e e400 | 0000 81e1 | feff 1f00 | 83f9 000f | 84e3 0900 | 008b 720c | 3bde 48be | a036 0833 
  0x000000011fa37c40: 0100 0000 | 48b9 2801 | 0000 0000 | 0000 0f85 | 0a00 0000 | 48b9 3801 | 0000 0000 | 0000 4c8b 
  0x000000011fa37c60: 040e 4d8d | 4001 4c89 | 040e 0f85 | 8e00 0000 | 4889 8424 | c800 0000 | 488b d748 | bea0 3608 
  0x000000011fa37c80: 3301 0000 | 0048 8386 | 4801 0000 | 0148 bab0 | 3808 3301 | 0000 008b | b2e4 0000 | 0083 c602 
  0x000000011fa37ca0: 89b2 e400 | 0000 81e6 | feff 1f00 | 83fe 000f | 8489 0900 | 0048 8bd7 | 48be b038 | 0833 0100 
  0x000000011fa37cc0: 0000 4883 | 8628 0100 | 0001 488b | d3ff c248 | 8bf7 899c | 24bc 0000 | 0066 0f1f | 4400 00e8 
  0x000000011fa37ce0: 9c0d 45ff | 488b d08b | 9c24 bc00 | 0000 488b | 8424 c800 | 0000 488b | bc24 b000 | 0000 3b5a 
  0x000000011fa37d00: 0c0f 8362 | 0900 0048 | 83f8 0075 | 1648 b9a0 | 3608 3301 | 0000 0080 | 8979 0100 | 0001 e90d 
  0x000000011fa37d20: 0100 008b | 7208 48c1 | e603 49ba | 0000 0000 | 0800 0000 | 4903 f28b | 4808 48c1 | e103 49ba 
  0x000000011fa37d40: 0000 0000 | 0800 0000 | 4903 ca48 | 8bb6 e000 | 0000 483b | ce0f 842a | 0000 0044 | 8b46 144a 
  0x000000011fa37d60: 3b34 010f | 841c 0000 | 0041 83f8 | 200f 85a6 | 0000 0051 | 56e8 8618 | 50ff 595e | 83fe 000f 
  0x000000011fa37d80: 8494 0000 | 0048 b9a0 | 3608 3301 | 0000 008b | 7008 48c1 | e603 49ba | 0000 0000 | 0800 0000 
  0x000000011fa37da0: 4903 f248 | 3bb1 9001 | 0000 750d | 4883 8198 | 0100 0001 | e977 0000 | 0048 3bb1 | a001 0000 
  0x000000011fa37dc0: 750d 4883 | 81a8 0100 | 0001 e961 | 0000 0048 | 81b9 9001 | 0000 0000 | 0000 7517 | 4889 b190 
  0x000000011fa37de0: 0100 0048 | c781 9801 | 0000 0100 | 0000 e93d | 0000 0048 | 81b9 a001 | 0000 0000 | 0000 7517 
  0x000000011fa37e00: 4889 b1a0 | 0100 0048 | c781 a801 | 0000 0100 | 0000 e919 | 0000 00eb | 1748 b9a0 | 3608 3301 
  0x000000011fa37e20: 0000 0048 | 83a9 8001 | 0000 01e9 | 4c08 0000 | 4863 f348 | 8d74 b210 | 410f be57 | 3083 fa00 
  0x000000011fa37e40: 0f85 3f08 | 0000 4c8b | d049 c1ea | 0344 8916 | 488b d648 | 33d0 48c1 | ea15 4883 | fa00 0f85 
  0x000000011fa37e60: 3f08 0000 | ffc3 895f | 1048 be98 | e23a 3301 | 0000 008b | 9ee8 0000 | 0083 c302 | 899e e800 
  0x000000011fa37e80: 0000 81e3 | fe3f 0000 | 83fb 000f | 842a 0800 | 004d 8b97 | 2001 0000 | 4185 0248 | be98 e23a 
  0x000000011fa37ea0: 3301 0000 | 00ff 8628 | 0200 00e9 | a8fb ffff | 488b b424 | a800 0000 | 48bf 28dd | 3a33 0100 
  0x000000011fa37ec0: 0000 4883 | 8730 0300 | 0001 488b | b424 a800 | 0000 0f1f | 4400 00e8 | e49a f206 | 83f8 3b48 
  0x000000011fa37ee0: ba28 dd3a | 3301 0000 | 0048 be68 | 0300 0000 | 0000 000f | 840a 0000 | 0048 be78 | 0300 0000 
  0x000000011fa37f00: 0000 0048 | 8b3c 3248 | 8d7f 0148 | 893c 320f | 84ec 0300 | 0066 6690 | e9ce 0700 | 0000 0000 
  0x000000011fa37f20: 0000 498b | 8730 0100 | 0048 8d78 | 1849 3bbf | 4001 0000 | 0f87 bb07 | 0000 4989 | bf30 0100 
  0x000000011fa37f40: 0048 c700 | 0100 0000 | 488b ca49 | ba00 0000 | 0008 0000 | 0049 2bca | 48c1 e903 | 8948 0848 
  0x000000011fa37f60: 33c9 8948 | 0c48 33c9 | 4889 4810 | 488b d048 | be28 dd3a | 3301 0000 | 0048 8386 | 8803 0000 
  0x000000011fa37f80: 0148 ba60 | 5504 3301 | 0000 008b | b2e4 0000 | 0083 c602 | 89b2 e400 | 0000 81e6 | feff 1f00 
  0x000000011fa37fa0: 83fe 000f | 8459 0700 | 0048 8bd0 | 48be 6055 | 0433 0100 | 0000 4883 | 8628 0100 | 0001 ba10 
  0x000000011fa37fc0: 0000 0048 | 8bf0 4889 | 8424 d000 | 0000 90e8 | ac0a 45ff | 488b 8424 | d000 0000 | 48ba 28dd 
  0x000000011fa37fe0: 3a33 0100 | 0000 4883 | 8298 0300 | 0001 48ba | a059 0433 | 0100 0000 | 8bb2 e400 | 0000 83c6 
  0x000000011fa38000: 0289 b2e4 | 0000 0081 | e6fe ff1f | 0083 fe00 | 0f84 0d07 | 0000 488b | 8424 d000 | 0000 48ba 
  0x000000011fa38020: a059 0433 | 0100 0000 | 4883 8228 | 0100 0001 | 48ba f007 | ca4a 0700 | 0000 488b | b424 d000 
  0x000000011fa38040: 0000 0f1f | 4400 00e8 | 340a 45ff | 488b b424 | a800 0000 | 48bf 28dd | 3a33 0100 | 0000 4883 
  0x000000011fa38060: 87d0 0300 | 0001 488b | b424 a800 | 0000 90e8 | 0c0a 45ff | 488b 9424 | d000 0000 | 48be 28dd 
  0x000000011fa38080: 3a33 0100 | 0000 4883 | 8608 0400 | 0001 48ba | d80c 0e33 | 0100 0000 | 8bb2 e400 | 0000 83c6 
  0x000000011fa380a0: 0289 b2e4 | 0000 0081 | e6fe ff1f | 0083 fe00 | 0f84 8e06 | 0000 488b | 9424 d000 | 0000 48be 
  0x000000011fa380c0: d80c 0e33 | 0100 0000 | 4883 8628 | 0100 0001 | 488b d048 | 8bb4 24d0 | 0000 000f | 1f40 00e8 
  0x000000011fa380e0: 9c09 45ff | 488b 8424 | d000 0000 | 48ba 28dd | 3a33 0100 | 0000 4883 | 8240 0400 | 0001 48ba 
  0x000000011fa38100: a059 0433 | 0100 0000 | 8bb2 e400 | 0000 83c6 | 0289 b2e4 | 0000 0081 | e6fe ff1f | 0083 fe00 
  0x000000011fa38120: 0f84 3f06 | 0000 488b | 8424 d000 | 0000 48ba | a059 0433 | 0100 0000 | 4883 8228 | 0100 0001 
  0x000000011fa38140: 48ba e005 | e0bf 0700 | 0000 488b | b424 d000 | 0000 0f1f | 4400 00e8 | 2409 45ff | 488b 8424 
  0x000000011fa38160: d000 0000 | 48be 28dd | 3a33 0100 | 0000 4883 | 8678 0400 | 0001 48be | 386c 0433 | 0100 0000 
  0x000000011fa38180: 8b96 e400 | 0000 83c2 | 0289 96e4 | 0000 0081 | e2fe ff1f | 0083 fa00 | 0f84 e805 | 0000 488b 
  0x000000011fa381a0: 8424 d000 | 0000 48be | 386c 0433 | 0100 0000 | 4883 8628 | 0100 0001 | 48be 306e | 0433 0100 
  0x000000011fa381c0: 0000 8b96 | e400 0000 | 83c2 0289 | 96e4 0000 | 0081 e2fe | ff1f 0083 | fa00 0f84 | c705 0000 
  0x000000011fa381e0: 48be 306e | 0433 0100 | 0000 ff86 | 3801 0000 | 488b 8424 | d000 0000 | 0fbe 7010 | 83fe 0048 
  0x000000011fa38200: be30 6e04 | 3301 0000 | 0048 ba48 | 0100 0000 | 0000 000f | 850a 0000 | 0048 ba58 | 0100 0000 
  0x000000011fa38220: 0000 0048 | 8b0c 1648 | 8d49 0148 | 890c 160f | 851a 0000 | 0048 be30 | 6e04 3301 | 0000 00ff 
  0x000000011fa38240: 8668 0100 | 00be 0100 | 0000 e905 | 0000 00be | 0000 0000 | 83e6 0183 | fe00 48be | 386c 0433 
  0x000000011fa38260: 0100 0000 | 48ba 6001 | 0000 0000 | 0000 0f84 | 0a00 0000 | 48ba 7001 | 0000 0000 | 0000 488b 
  0x000000011fa38280: 0c16 488d | 4901 4889 | 0c16 0f84 | 4100 0000 | 8b70 1448 | c1e6 038b | 480c 48ba | 386c 0433 
  0x000000011fa382a0: 0100 0000 | 4883 8280 | 0100 0001 | ba00 0000 | 0066 0f1f | 4400 00e8 | c40d 45ff | 48be 386c 
  0x000000011fa382c0: 0433 0100 | 0000 ff86 | 9001 0000 | e9aa 0100 | 008b 7014 | 48c1 e603 | 8b48 0c48 | ba38 6c04 
  0x000000011fa382e0: 3301 0000 | 0048 8382 | a801 0000 | 01ba 0000 | 0000 0f1f | 4400 00e8 | 840d 45ff | e97a 0100 
  0x000000011fa38300: 0048 8bb4 | 24a8 0000 | 0048 bf28 | dd3a 3301 | 0000 0048 | 8387 e804 | 0000 0148 | 8bb4 24a8 
  0x000000011fa38320: 0000 000f | 1f40 00e8 | 14cf f206 | 48ba 28dd | 3a33 0100 | 0000 4883 | 8220 0500 | 0001 48ba 
  0x000000011fa38340: d0e8 3a33 | 0100 0000 | 8bb2 e400 | 0000 83c6 | 0289 b2e4 | 0000 0081 | e6fe ff1f | 0083 fe00 
  0x000000011fa38360: 0f84 6204 | 0000 48ba | 805d c600 | 0800 0000 | 498b 8730 | 0100 0048 | 8d78 1049 | 3bbf 4001 
  0x000000011fa38380: 0000 0f87 | 6104 0000 | 4989 bf30 | 0100 0048 | c700 0100 | 0000 488b | ca49 ba00 | 0000 0008 
  0x000000011fa383a0: 0000 0049 | 2bca 48c1 | e903 8948 | 0848 33c9 | 8948 0c48 | 33c9 488b | d048 bed0 | e83a 3301 
  0x000000011fa383c0: 0000 0048 | 8386 2801 | 0000 0148 | ba30 ea3a | 3301 0000 | 008b b2e4 | 0000 0083 | c602 89b2 
  0x000000011fa383e0: e400 0000 | 81e6 feff | 1f00 83fe | 000f 8403 | 0400 0048 | 8bd0 48be | 30ea 3a33 | 0100 0000 
  0x000000011fa38400: 4883 8628 | 0100 0001 | 48ba 10cf | 0033 0100 | 0000 8bb2 | e400 0000 | 83c6 0289 | b2e4 0000 
  0x000000011fa38420: 0081 e6fe | ff1f 0083 | fe00 0f84 | e703 0000 | 410f be57 | 3083 fa00 | 0f85 fa03 | 0000 488b 
  0x000000011fa38440: 9424 b000 | 0000 4c8b | d249 c1ea | 0344 8950 | 0c48 8bf0 | 4833 f248 | c1ee 1548 | 83fe 000f 
  0x000000011fa38460: 85f2 0300 | 0048 81c4 | e000 0000 | 5d49 3ba7 | 1801 0000 | 0f87 f503 | 0000 c348 | 8bb4 24a8 
  0x000000011fa38480: 0000 0048 | ba28 dd3a | 3301 0000 | 0048 8382 | b004 0000 | 0148 8bd0 | 488b b424 | a800 0000 
  0x000000011fa384a0: 0f1f 8000 | 0000 00e8 | d405 45ff | 483b 00e9 | fa03 0000 | 488b d648 | bf28 dd3a | 3301 0000 
  0x000000011fa384c0: 0048 8387 | 0802 0000 | 0148 ba30 | 08ca 4a07 | 0000 000f | 1f40 00e8 | a405 45ff | 483b 00e9 
  0x000000011fa384e0: ca03 0000 | 49ba e0a6 | 1a33 0100 | 0000 4c89 | 5424 0848 | c704 24ff | ffff ffe8 | 0038 50ff 
  0x000000011fa38500: e97a f0ff | ff48 8bd2 | e873 7342 | ffe9 56f1 | ffff 49ba | 4001 3f00 | 0800 0000 | 4c89 5424 
  0x000000011fa38520: 0848 c704 | 24ff ffff | ffe8 d237 | 50ff e953 | f2ff ff49 | bac0 033f | 0008 0000 | 004c 8954 
  0x000000011fa38540: 2408 48c7 | 0424 ffff | ffff e8b1 | 3750 ffe9 | 89f2 ffff | e847 7c42 | ff49 bae0 | 063f 0008 
  0x000000011fa38560: 0000 004c | 8954 2408 | 48c7 0424 | ffff ffff | e88b 3750 | ffe9 e3f2 | ffff e821 | 7c42 ffe8 
  0x000000011fa38580: 1c7c 42ff | 4889 1c24 | 4889 5424 | 08e8 0e8b | 42ff e809 | 7c42 ff48 | 8904 24e8 | 8007 50ff 
  0x000000011fa385a0: 8b16 48c1 | e203 4883 | fa00 0f84 | 3ef4 ffff | 4889 1424 | e847 3d50 | ffe9 30f4 | ffff 4883 
  0x000000011fa385c0: f800 0f84 | 44f4 ffff | 4889 3424 | e82f 4050 | ffe9 36f4 | ffff 49ba | 08aa 1a33 | 0100 0000 
  0x000000011fa385e0: 4c89 5424 | 0848 c704 | 24ff ffff | ffe8 0e37 | 50ff e95c | f4ff ff49 | ba40 013f | 0008 0000 
  0x000000011fa38600: 004c 8954 | 2408 48c7 | 0424 ffff | ffff e8ed | 3650 ffe9 | c6f5 ffff | 49ba c003 | 3f00 0800 
  0x000000011fa38620: 0000 4c89 | 5424 0848 | c704 24ff | ffff ffe8 | cc36 50ff | e9fc f5ff | ffe8 627b | 42ff 49ba 
  0x000000011fa38640: e006 3f00 | 0800 0000 | 4c89 5424 | 0848 c704 | 24ff ffff | ffe8 a636 | 50ff e956 | f6ff ffe8 
  0x000000011fa38660: 3c7b 42ff | e837 7b42 | ff48 891c | 2448 8954 | 2408 e829 | 8a42 ffe8 | 247b 42ff | 4889 0424 
  0x000000011fa38680: e89b 0650 | ff8b 1648 | c1e2 0348 | 83fa 000f | 84b1 f7ff | ff48 8914 | 24e8 623c | 50ff e9a3 
  0x000000011fa386a0: f7ff ff48 | 83f8 000f | 84b7 f7ff | ff48 8934 | 24e8 4a3f | 50ff e9a9 | f7ff ff49 | ba08 aa1a 
  0x000000011fa386c0: 3301 0000 | 004c 8954 | 2408 48c7 | 0424 1900 | 0000 e829 | 3650 ffe9 | b5f7 ffff | 48ba 0000 
  0x000000011fa386e0: 0000 0000 | 0000 b800 | 0f05 0ae8 | 9025 50ff | e923 f8ff | ff48 8bd2 | e883 7142 | ffe9 6af8 
  0x000000011fa38700: ffff 49ba | d018 3e00 | 0800 0000 | 4c89 5424 | 0848 c704 | 24ff ffff | ffe8 e235 | 50ff e986 
  0x000000011fa38720: f8ff ff49 | ba60 1f3e | 0008 0000 | 004c 8954 | 2408 48c7 | 0424 ffff | ffff e8c1 | 3550 ffe9 
  0x000000011fa38740: d2f8 ffff | 49ba a020 | 3e00 0800 | 0000 4c89 | 5424 0848 | c704 24ff | ffff ffe8 | a035 50ff 
  0x000000011fa38760: e951 f9ff | ff49 ba60 | 1f3e 0008 | 0000 004c | 8954 2408 | 48c7 0424 | ffff ffff | e87f 3550 
  0x000000011fa38780: ffe9 a0f9 | ffff 49ba | 2019 3e00 | 0800 0000 | 4c89 5424 | 0848 c704 | 24ff ffff | ffe8 5e35 
  0x000000011fa387a0: 50ff e9f7 | f9ff ff49 | ba28 5d06 | 0008 0000 | 004c 8954 | 2408 48c7 | 0424 ffff | ffff e83d 
  0x000000011fa387c0: 3550 ffe9 | 18fa ffff | 49ba c0e0 | 1a33 0100 | 0000 4c89 | 5424 0848 | c704 24ff | ffff ffe8 
  0x000000011fa387e0: 1c35 50ff | e97d fbff | ff48 8bd2 | e88f 7042 | ffe9 c0fb | ffff 49ba | 18e0 1a33 | 0100 0000 
  0x000000011fa38800: 4c89 5424 | 0848 c704 | 24ff ffff | ffe8 ee34 | 50ff e9dc | fbff ff49 | ba18 1440 | 0008 0000 
  0x000000011fa38820: 004c 8954 | 2408 48c7 | 0424 ffff | ffff e8cd | 3450 ffe9 | f8fb ffff | 8b50 0c48 | c1e2 0348 
  0x000000011fa38840: 83fa 000f | 84f5 fbff | ff48 8914 | 24e8 ae3a | 50ff e9e7 | fbff ff48 | 83fa 000f | 8404 fcff 
  0x000000011fa38860: ff48 8904 | 24e8 963d | 50ff e9f6 | fbff ff49 | ba6d 84a3 | 1f01 0000 | 004d 8997 | 9003 0000 
  0x000000011fa38880: e97b 1745 | ffe8 1679 | 42ff e811 | 7942 ff90 | 9049 8b87 | f803 0000 | 49c7 87f8 | 0300 0000 
  0x000000011fa388a0: 0000 0049 | c787 0004 | 0000 0000 | 0000 4881 | c4e0 0000 | 005d e945 | 8e42 fff4 | f4f4 f4f4 
  0x000000011fa388c0: 0f1f 4400 | 0048 bb00 | 0000 0000 | 0000 00e9 | fbff ffff | 9048 bb00 | 0000 0000 | 0000 00e9 
  0x000000011fa388e0: fbff ffff | 9048 bb00 | 0000 0000 | 0000 00e9 | fbff ffff | 9048 bb00 | 0000 0000 | 0000 00e9 
  0x000000011fa38900: fbff ffff | 9048 bb00 | 0000 0000 | 0000 00e9 | fbff ffff | 9048 bb00 | 0000 0000 | 0000 00e9 
  0x000000011fa38920: fbff ffff | 9048 bb00 | 0000 0000 | 0000 00e9 | fbff ffff | 9048 bb00 | 0000 0000 | 0000 00e9 
  0x000000011fa38940: fbff ffff | 9048 bb00 | 0000 0000 | 0000 00e9 | fbff ffff | 9048 bb00 | 0000 0000 | 0000 00e9 
  0x000000011fa38960: fbff ffff | 9048 bb00 | 0000 0000 | 0000 00e9 | fbff ffff | 9048 bb00 | 0000 0000 | 0000 00e9 
  0x000000011fa38980: fbff ffff | 9048 bb00 | 0000 0000 | 0000 00e9 | fbff ffff | 9048 bb00 | 0000 0000 | 0000 00e9 
  0x000000011fa389a0: fbff ffff | 9048 bb00 | 0000 0000 | 0000 00e9 | fbff ffff | 9048 bb00 | 0000 0000 | 0000 00e9 
  0x000000011fa389c0: fbff ffff | 9048 bb00 | 0000 0000 | 0000 00e9 | fbff ffff | 9048 bb00 | 0000 0000 | 0000 00e9 
  0x000000011fa389e0: fbff ffff | 9048 bb00 | 0000 0000 | 0000 00e9 | fbff ffff | 9048 bb00 | 0000 0000 | 0000 00e9 
  0x000000011fa38a00: fbff ffff | e877 5942 | ff48 bf7a | 9a8f 1101 | 0000 0048 | 83e4 f0e8 | a492 b5f1 | f449 ba1d 
  0x000000011fa38a20: 8aa3 1f01 | 0000 0041 | 52e9 f20c | 45ff f4f4 
[/MachCode]
--------------------------------------------------------------------------------


---------------  P R O C E S S  ---------------

Threads class SMR info:
_java_thread_list=0x00007fc41df00100, length=16, elements={
0x00007fc420801000, 0x00007fc42000b200, 0x00007fc41f00b400, 0x00007fc41e003200,
0x00007fc41e802800, 0x00007fc41e885000, 0x00007fc41e885600, 0x00007fc41e885c00,
0x00007fc41e88e200, 0x00007fc41d00f400, 0x00007fc41e883600, 0x00007fc421004c00,
0x00007fc42101dc00, 0x00007fc41e89bc00, 0x00007fc421000a00, 0x00007fc41f00d400
}

Java Threads: ( => current thread )
  0x00007fc420801000 JavaThread "main" [_thread_blocked, id=6659, stack(0x0000000111e73000,0x0000000111f73000)]
  0x00007fc42000b200 JavaThread "Reference Handler" daemon [_thread_blocked, id=16387, stack(0x000070000fb2e000,0x000070000fc2e000)]
  0x00007fc41f00b400 JavaThread "Finalizer" daemon [_thread_blocked, id=16131, stack(0x000070000fc31000,0x000070000fd31000)]
  0x00007fc41e003200 JavaThread "Signal Dispatcher" daemon [_thread_blocked, id=15375, stack(0x000070000fd34000,0x000070000fe34000)]
  0x00007fc41e802800 JavaThread "Service Thread" daemon [_thread_blocked, id=22539, stack(0x000070000fe37000,0x000070000ff37000)]
  0x00007fc41e885000 JavaThread "Monitor Deflation Thread" daemon [_thread_blocked, id=41987, stack(0x000070000ff3a000,0x000070001003a000)]
  0x00007fc41e885600 JavaThread "C2 CompilerThread0" daemon [_thread_in_native, id=23043, stack(0x000070001003d000,0x000070001013d000)]
  0x00007fc41e885c00 JavaThread "C1 CompilerThread0" daemon [_thread_blocked, id=41475, stack(0x0000700010140000,0x0000700010240000)]
  0x00007fc41e88e200 JavaThread "Sweeper thread" daemon [_thread_blocked, id=41219, stack(0x0000700010243000,0x0000700010343000)]
  0x00007fc41d00f400 JavaThread "Common-Cleaner" daemon [_thread_blocked, id=24067, stack(0x0000700010346000,0x0000700010446000)]
  0x00007fc41e883600 JavaThread "Monitor Ctrl-Break" daemon [_thread_in_native, id=24323, stack(0x0000700010449000,0x0000700010549000)]
  0x00007fc421004c00 JavaThread "Notification Thread" daemon [_thread_blocked, id=40451, stack(0x000070001054c000,0x000070001064c000)]
  0x00007fc42101dc00 JavaThread "Thread-0" [_thread_blocked, id=38403, stack(0x0000700010b5e000,0x0000700010c5e000)]
=>0x00007fc41e89bc00 JavaThread "restartedMain" [_thread_in_Java, id=37891, stack(0x0000700010c61000,0x0000700010d61000)]
  0x00007fc421000a00 JavaThread "Attach Listener" daemon [_thread_blocked, id=37379, stack(0x0000700010d64000,0x0000700010e64000)]
  0x00007fc41f00d400 JavaThread "C2 CompilerThread1" daemon [_thread_in_native, id=25859, stack(0x0000700010e67000,0x0000700010f67000)]

Other Threads:
  0x00007fc41da133a0 VMThread "VM Thread" [stack: 0x000070000fa2b000,0x000070000fb2b000] [id=17155]
  0x00007fc41cf2b9e0 WatcherThread [stack: 0x000070001064f000,0x000070001074f000] [id=40195]
  0x00007fc41da10af0 GCTaskThread "GC Thread#0" [stack: 0x000070000f51c000,0x000070000f61c000] [id=12291]
  0x00007fc41d84d510 GCTaskThread "GC Thread#1" [stack: 0x0000700010855000,0x0000700010955000] [id=39427]
  0x00007fc41d84df20 GCTaskThread "GC Thread#2" [stack: 0x0000700010958000,0x0000700010a58000] [id=38915]
  0x00007fc41cf37680 GCTaskThread "GC Thread#3" [stack: 0x0000700010a5b000,0x0000700010b5b000] [id=25347]
  0x00007fc41dd23c50 GCTaskThread "GC Thread#4" [stack: 0x0000700010752000,0x0000700010852000] [id=39947]
  0x00007fc41dd24150 GCTaskThread "GC Thread#5" [stack: 0x0000700010f6a000,0x000070001106a000] [id=26375]
  0x00007fc41de1ef30 GCTaskThread "GC Thread#6" [stack: 0x000070001106d000,0x000070001116d000] [id=36867]
  0x00007fc41de1f6e0 GCTaskThread "GC Thread#7" [stack: 0x0000700011170000,0x0000700011270000] [id=36611]
  0x00007fc41da11a40 ConcurrentGCThread "G1 Main Marker" [stack: 0x000070000f61f000,0x000070000f71f000] [id=19203]
  0x00007fc41cf01aa0 ConcurrentGCThread "G1 Conc#0" [stack: 0x000070000f722000,0x000070000f822000] [id=18691]
  0x00007fc41dd36820 ConcurrentGCThread "G1 Conc#1" [stack: 0x0000700011273000,0x0000700011373000] [id=26883]
  0x00007fc41cf17cc0 ConcurrentGCThread "G1 Refine#0" [stack: 0x000070000f825000,0x000070000f925000] [id=18179]
  0x00007fc41cc00a00 ConcurrentGCThread "G1 Service" [stack: 0x000070000f928000,0x000070000fa28000] [id=13571]

Threads with active compile tasks:
C2 CompilerThread0     4598 3089       4       java.lang.invoke.MethodType::makeImpl (108 bytes)
C2 CompilerThread1     4598 3163       4       org.springframework.beans.factory.support.AbstractBeanFactory::getBeanPostProcessorCache (140 bytes)

VM state: not at safepoint (normal execution)

VM Mutex/Monitor currently owned by a thread: None

Heap address: 0x0000000740000000, size: 3072 MB, Compressed Oops mode: Zero based, Oop shift amount: 3

CDS archive(s) mapped at: [0x0000000800000000-0x0000000800bbb000-0x0000000800bbb000), size 12300288, SharedBaseAddress: 0x0000000800000000, ArchiveRelocationMode: 0.
Compressed class space mapped at: 0x0000000800c00000-0x0000000840c00000, reserved size: 1073741824
Narrow klass base: 0x0000000800000000, Narrow klass shift: 3, Narrow klass range: 0x100000000

GC Precious Log:
 CPUs: 8 total, 8 available
 Memory: 12288M
 Large Page Support: Disabled
 NUMA Support: Disabled
 Compressed Oops: Enabled (Zero based)
 Heap Region Size: 2M
 Heap Min Capacity: 8M
 Heap Initial Capacity: 192M
 Heap Max Capacity: 3G
 Pre-touch: Disabled
 Parallel Workers: 8
 Concurrent Workers: 2
 Concurrent Refinement Workers: 8
 Periodic GC: Disabled

Heap:
 garbage-first heap   total 61440K, used 33599K [0x0000000740000000, 0x0000000800000000)
  region size 2048K, 14 young (28672K), 3 survivors (6144K)
 Metaspace       used 24311K, committed 24640K, reserved 1073152K
  class space    used 3148K, committed 3328K, reserved 1048576K

Heap Regions: E=young(eden), S=young(survivor), O=old, HS=humongous(starts), HC=humongous(continues), CS=collection set, F=free, OA=open archive, CA=closed archive, TAMS=top-at-mark-start (previous, next)
|   0|0x0000000740000000, 0x0000000740200000, 0x0000000740200000|100%| O|  |TAMS 0x0000000740200000, 0x0000000740000000| Untracked 
|   1|0x0000000740200000, 0x0000000740400000, 0x0000000740400000|100%| O|  |TAMS 0x0000000740400000, 0x0000000740200000| Untracked 
|   2|0x0000000740400000, 0x00000007405d0e00, 0x0000000740600000| 90%| O|  |TAMS 0x00000007405d0e00, 0x0000000740400000| Untracked 
|   3|0x0000000740600000, 0x0000000740600000, 0x0000000740800000|  0%| F|  |TAMS 0x0000000740600000, 0x0000000740600000| Untracked 
|   4|0x0000000740800000, 0x0000000740800000, 0x0000000740a00000|  0%| F|  |TAMS 0x0000000740800000, 0x0000000740800000| Untracked 
|   5|0x0000000740a00000, 0x0000000740a00000, 0x0000000740c00000|  0%| F|  |TAMS 0x0000000740a00000, 0x0000000740a00000| Untracked 
|   6|0x0000000740c00000, 0x0000000740c00000, 0x0000000740e00000|  0%| F|  |TAMS 0x0000000740c00000, 0x0000000740c00000| Untracked 
|   7|0x0000000740e00000, 0x0000000740e00000, 0x0000000741000000|  0%| F|  |TAMS 0x0000000740e00000, 0x0000000740e00000| Untracked 
|   8|0x0000000741000000, 0x0000000741000000, 0x0000000741200000|  0%| F|  |TAMS 0x0000000741000000, 0x0000000741000000| Untracked 
|   9|0x0000000741200000, 0x0000000741200000, 0x0000000741400000|  0%| F|  |TAMS 0x0000000741200000, 0x0000000741200000| Untracked 
|  10|0x0000000741400000, 0x0000000741400000, 0x0000000741600000|  0%| F|  |TAMS 0x0000000741400000, 0x0000000741400000| Untracked 
|  11|0x0000000741600000, 0x0000000741600000, 0x0000000741800000|  0%| F|  |TAMS 0x0000000741600000, 0x0000000741600000| Untracked 
|  12|0x0000000741800000, 0x0000000741800000, 0x0000000741a00000|  0%| F|  |TAMS 0x0000000741800000, 0x0000000741800000| Untracked 
|  13|0x0000000741a00000, 0x0000000741a00000, 0x0000000741c00000|  0%| F|  |TAMS 0x0000000741a00000, 0x0000000741a00000| Untracked 
|  14|0x0000000741c00000, 0x0000000741d00800, 0x0000000741e00000| 50%| E|  |TAMS 0x0000000741c00000, 0x0000000741c00000| Complete 
|  15|0x0000000741e00000, 0x0000000742000000, 0x0000000742000000|100%| E|CS|TAMS 0x0000000741e00000, 0x0000000741e00000| Complete 
|  16|0x0000000742000000, 0x0000000742200000, 0x0000000742200000|100%| E|CS|TAMS 0x0000000742000000, 0x0000000742000000| Complete 
|  17|0x0000000742200000, 0x0000000742400000, 0x0000000742400000|100%| E|CS|TAMS 0x0000000742200000, 0x0000000742200000| Complete 
|  18|0x0000000742400000, 0x0000000742600000, 0x0000000742600000|100%| E|CS|TAMS 0x0000000742400000, 0x0000000742400000| Complete 
|  19|0x0000000742600000, 0x0000000742800000, 0x0000000742800000|100%| E|CS|TAMS 0x0000000742600000, 0x0000000742600000| Complete 
|  20|0x0000000742800000, 0x0000000742a00000, 0x0000000742a00000|100%| E|CS|TAMS 0x0000000742800000, 0x0000000742800000| Complete 
|  21|0x0000000742a00000, 0x0000000742c00000, 0x0000000742c00000|100%| E|CS|TAMS 0x0000000742a00000, 0x0000000742a00000| Complete 
|  22|0x0000000742c00000, 0x0000000742e00000, 0x0000000742e00000|100%| E|CS|TAMS 0x0000000742c00000, 0x0000000742c00000| Complete 
|  23|0x0000000742e00000, 0x0000000743000000, 0x0000000743000000|100%| E|CS|TAMS 0x0000000742e00000, 0x0000000742e00000| Complete 
|  85|0x000000074aa00000, 0x000000074ab0d060, 0x000000074ac00000| 52%| S|CS|TAMS 0x000000074aa00000, 0x000000074aa00000| Complete 
|  86|0x000000074ac00000, 0x000000074ae00000, 0x000000074ae00000|100%| S|CS|TAMS 0x000000074ac00000, 0x000000074ac00000| Complete 
|  87|0x000000074ae00000, 0x000000074b000000, 0x000000074b000000|100%| S|CS|TAMS 0x000000074ae00000, 0x000000074ae00000| Complete 
|  95|0x000000074be00000, 0x000000074c000000, 0x000000074c000000|100%| E|CS|TAMS 0x000000074be00000, 0x000000074be00000| Complete 
|1022|0x00000007bfc00000, 0x00000007bfd75000, 0x00000007bfe00000| 72%|OA|  |TAMS 0x00000007bfd75000, 0x00000007bfc00000| Untracked 
|1023|0x00000007bfe00000, 0x00000007bfe7d000, 0x00000007c0000000| 24%|CA|  |TAMS 0x00000007bfe7d000, 0x00000007bfe00000| Untracked 

Card table byte_map: [0x000000011a586000,0x000000011ab86000] _byte_map_base: 0x0000000116b86000

Marking Bits (Prev, Next): (CMBitMap*) 0x00007fc420837a50, (CMBitMap*) 0x00007fc420837a10
 Prev Bits: [0x000000012de3c000, 0x0000000130e3c000)
 Next Bits: [0x000000011b186000, 0x000000011e186000)

Polling page: 0x000000010fd35000

Metaspace:

Usage:
  Non-class:     20.67 MB used.
      Class:      3.07 MB used.
       Both:     23.74 MB used.

Virtual space:
  Non-class space:       24.00 MB reserved,      20.81 MB ( 87%) committed,  3 nodes.
      Class space:        1.00 GB reserved,       3.25 MB ( <1%) committed,  1 nodes.
              Both:        1.02 GB reserved,      24.06 MB (  2%) committed. 

Chunk freelists:
   Non-Class:  2.27 MB
       Class:  620.00 KB
        Both:  2.87 MB

MaxMetaspaceSize: 17179869184.00 GB
CompressedClassSpaceSize: 1.00 GB
 - commit_granule_bytes: 65536.
 - commit_granule_words: 8192.
 - virtual_space_node_default_size: 1048576.
 - enlarge_chunks_in_place: 1.
 - new_chunks_are_fully_committed: 0.
 - uncommit_free_chunks: 1.
 - use_allocation_guard: 0.
 - handle_deallocations: 1.


Internal statistics:

num_allocs_failed_limit: 3.
num_arena_births: 296.
num_arena_deaths: 0.
num_vsnodes_births: 4.
num_vsnodes_deaths: 0.
num_space_committed: 385.
num_space_uncommitted: 0.
num_chunks_returned_to_freelist: 3.
num_chunks_taken_from_freelist: 1185.
num_chunk_merges: 3.
num_chunk_splits: 786.
num_chunks_enlarged: 587.
num_purges: 0.

CodeHeap 'non-profiled nmethods': size=120028Kb used=1328Kb max_used=1328Kb free=118699Kb
 bounds [0x0000000126905000, 0x0000000126b75000, 0x000000012de3c000]
CodeHeap 'profiled nmethods': size=120028Kb used=6707Kb max_used=6707Kb free=113320Kb
 bounds [0x000000011f3ce000, 0x000000011fa5e000, 0x0000000126905000]
CodeHeap 'non-nmethods': size=5704Kb used=1208Kb max_used=1254Kb free=4495Kb
 bounds [0x000000011ee3c000, 0x000000011f0ac000, 0x000000011f3ce000]
 total_blobs=3648 nmethods=3141 adapters=420
 compilation: enabled
              stopped_count=0, restarted_count=0
 full_count=0

Compilation events (20 events):
Event: 4.372 Thread 0x00007fc41e885c00 3154       3       org.springframework.core.AttributeAccessorSupport::copyAttributesFrom (56 bytes)
Event: 4.373 Thread 0x00007fc41e885c00 nmethod 3154 0x000000011fa4b010 code [0x000000011fa4b260, 0x000000011fa4bdd0]
Event: 4.373 Thread 0x00007fc41e885c00 3155       3       org.springframework.beans.factory.support.AbstractBeanDefinition::<init> (461 bytes)
Event: 4.383 Thread 0x00007fc41e885c00 nmethod 3155 0x000000011fa4c110 code [0x000000011fa4c9c0, 0x000000011fa556c0]
Event: 4.383 Thread 0x00007fc41e885c00 3160   !   3       java.lang.ClassLoader::addClass (27 bytes)
Event: 4.384 Thread 0x00007fc41e885c00 nmethod 3160 0x000000011fa57190 code [0x000000011fa57380, 0x000000011fa579e0]
Event: 4.384 Thread 0x00007fc41e885c00 3157       3       java.util.HashMap::putAll (7 bytes)
Event: 4.385 Thread 0x00007fc41e885c00 nmethod 3157 0x000000011fa57d10 code [0x000000011fa57ec0, 0x000000011fa58000]
Event: 4.385 Thread 0x00007fc41e885c00 3158       3       org.springframework.beans.factory.support.RootBeanDefinition::setParentName (15 bytes)
Event: 4.385 Thread 0x00007fc41e885c00 nmethod 3158 0x000000011fa58090 code [0x000000011fa58240, 0x000000011fa58460]
Event: 4.385 Thread 0x00007fc41e885c00 3159       3       org.springframework.beans.factory.support.AbstractBeanDefinition::copyQualifiersFrom (20 bytes)
Event: 4.386 Thread 0x00007fc41e885c00 nmethod 3159 0x000000011fa58510 code [0x000000011fa586e0, 0x000000011fa58a30]
Event: 4.386 Thread 0x00007fc41e885c00 3156       1       org.springframework.beans.factory.support.AbstractBeanDefinition::setBeanClass (6 bytes)
Event: 4.386 Thread 0x00007fc41e885c00 nmethod 3156 0x0000000126a4ba10 code [0x0000000126a4bba0, 0x0000000126a4bcb0]
Event: 4.386 Thread 0x00007fc41e885c00 3147       1       org.springframework.boot.autoconfigure.SharedMetadataReaderFactoryContextInitializer$SharedMetadataReaderFactoryBean::getObjectType (3 bytes)
Event: 4.386 Thread 0x00007fc41e885c00 nmethod 3147 0x0000000126a4bd10 code [0x0000000126a4bea0, 0x0000000126a4bf70]
Event: 4.389 Thread 0x00007fc41e885c00 3161   !   3       org.springframework.util.ClassUtils::getDefaultClassLoader (37 bytes)
Event: 4.392 Thread 0x00007fc41e885c00 nmethod 3161 0x000000011fa58b90 code [0x000000011fa58e80, 0x000000011fa5a210]
Event: 4.392 Thread 0x00007fc41e885c00 3162       3       java.beans.PropertyEditorSupport::<init> (10 bytes)
Event: 4.393 Thread 0x00007fc41e885c00 nmethod 3162 0x000000011fa5a810 code [0x000000011fa5a9c0, 0x000000011fa5ac30]

GC Heap History (8 events):
Event: 0.852 GC heap before
{Heap before GC invocations=0 (full 0):
 garbage-first heap   total 200704K, used 22472K [0x0000000740000000, 0x0000000800000000)
  region size 2048K, 11 young (22528K), 0 survivors (0K)
 Metaspace       used 4633K, committed 4800K, reserved 1056768K
  class space    used 497K, committed 576K, reserved 1048576K
}
Event: 0.861 GC heap after
{Heap after GC invocations=1 (full 0):
 garbage-first heap   total 200704K, used 7534K [0x0000000740000000, 0x0000000800000000)
  region size 2048K, 2 young (4096K), 2 survivors (4096K)
 Metaspace       used 4633K, committed 4800K, reserved 1056768K
  class space    used 497K, committed 576K, reserved 1048576K
}
Event: 0.876 GC heap before
{Heap before GC invocations=1 (full 0):
 garbage-first heap   total 200704K, used 34158K [0x0000000740000000, 0x0000000800000000)
  region size 2048K, 16 young (32768K), 2 survivors (4096K)
 Metaspace       used 4634K, committed 4864K, reserved 1056768K
  class space    used 497K, committed 576K, reserved 1048576K
}
Event: 0.881 GC heap after
{Heap after GC invocations=2 (full 0):
 garbage-first heap   total 200704K, used 8013K [0x0000000740000000, 0x0000000800000000)
  region size 2048K, 1 young (2048K), 1 survivors (2048K)
 Metaspace       used 4634K, committed 4864K, reserved 1056768K
  class space    used 497K, committed 576K, reserved 1048576K
}
Event: 2.791 GC heap before
{Heap before GC invocations=2 (full 0):
 garbage-first heap   total 200704K, used 120653K [0x0000000740000000, 0x0000000800000000)
  region size 2048K, 57 young (116736K), 1 survivors (2048K)
 Metaspace       used 19657K, committed 19840K, reserved 1073152K
  class space    used 2524K, committed 2624K, reserved 1048576K
}
Event: 2.801 GC heap after
{Heap after GC invocations=3 (full 0):
 garbage-first heap   total 200704K, used 12533K [0x0000000740000000, 0x0000000800000000)
  region size 2048K, 3 young (6144K), 3 survivors (6144K)
 Metaspace       used 19657K, committed 19840K, reserved 1073152K
  class space    used 2524K, committed 2624K, reserved 1048576K
}
Event: 3.454 GC heap before
{Heap before GC invocations=3 (full 0):
 garbage-first heap   total 200704K, used 26869K [0x0000000740000000, 0x0000000800000000)
  region size 2048K, 11 young (22528K), 3 survivors (6144K)
 Metaspace       used 20968K, committed 21248K, reserved 1073152K
  class space    used 2674K, committed 2816K, reserved 1048576K
}
Event: 3.464 GC heap after
{Heap after GC invocations=4 (full 0):
 garbage-first heap   total 200704K, used 13119K [0x0000000740000000, 0x0000000800000000)
  region size 2048K, 3 young (6144K), 3 survivors (6144K)
 Metaspace       used 20968K, committed 21248K, reserved 1073152K
  class space    used 2674K, committed 2816K, reserved 1048576K
}

Deoptimization events (20 events):
Event: 3.784 Thread 0x00007fc41e89bc00 Uncommon trap: trap_request=0xffffffde fr.pc=0x0000000126a1da1c relative=0x00000000000001dc
Event: 3.784 Thread 0x00007fc41e89bc00 Uncommon trap: reason=class_check action=maybe_recompile pc=0x0000000126a1da1c method=org.springframework.util.ConcurrentReferenceHashMap$Segment.findInChain(Lorg/springframework/util/ConcurrentReferenceHashMap$Reference;Ljava/lang/Object;I)Lorg/springfra
Event: 3.784 Thread 0x00007fc41e89bc00 DEOPT PACKING pc=0x0000000126a1da1c sp=0x0000700010d5f530
Event: 3.784 Thread 0x00007fc41e89bc00 DEOPT UNPACKING pc=0x000000011ee89424 sp=0x0000700010d5f4d8 mode 2
Event: 3.806 Thread 0x00007fc41e89bc00 Uncommon trap: trap_request=0xffffffde fr.pc=0x0000000126a1da1c relative=0x00000000000001dc
Event: 3.806 Thread 0x00007fc41e89bc00 Uncommon trap: reason=class_check action=maybe_recompile pc=0x0000000126a1da1c method=org.springframework.util.ConcurrentReferenceHashMap$Segment.findInChain(Lorg/springframework/util/ConcurrentReferenceHashMap$Reference;Ljava/lang/Object;I)Lorg/springfra
Event: 3.806 Thread 0x00007fc41e89bc00 DEOPT PACKING pc=0x0000000126a1da1c sp=0x0000700010d5f530
Event: 3.806 Thread 0x00007fc41e89bc00 DEOPT UNPACKING pc=0x000000011ee89424 sp=0x0000700010d5f4d8 mode 2
Event: 3.986 Thread 0x00007fc41e89bc00 Uncommon trap: trap_request=0xffffff45 fr.pc=0x0000000126a25884 relative=0x0000000000000c64
Event: 3.986 Thread 0x00007fc41e89bc00 Uncommon trap: reason=unstable_if action=reinterpret pc=0x0000000126a25884 method=org.springframework.core.ResolvableType$1.isAssignableFrom(Ljava/lang/Class;)Z @ 15 c2
Event: 3.986 Thread 0x00007fc41e89bc00 DEOPT PACKING pc=0x0000000126a25884 sp=0x0000700010d5f780
Event: 3.986 Thread 0x00007fc41e89bc00 DEOPT UNPACKING pc=0x000000011ee89424 sp=0x0000700010d5f6f0 mode 2
Event: 4.185 Thread 0x00007fc41e89bc00 Uncommon trap: trap_request=0xffffff45 fr.pc=0x0000000126a199c4 relative=0x0000000000000304
Event: 4.185 Thread 0x00007fc41e89bc00 Uncommon trap: reason=unstable_if action=reinterpret pc=0x0000000126a199c4 method=org.springframework.beans.factory.support.AbstractBeanFactory.getBeanPostProcessorCache()Lorg/springframework/beans/factory/support/AbstractBeanFactory$BeanPostProcessorCach
Event: 4.185 Thread 0x00007fc41e89bc00 DEOPT PACKING pc=0x0000000126a199c4 sp=0x0000700010d5fc00
Event: 4.185 Thread 0x00007fc41e89bc00 DEOPT UNPACKING pc=0x000000011ee89424 sp=0x0000700010d5fad0 mode 2
Event: 4.230 Thread 0x00007fc41e89bc00 Uncommon trap: trap_request=0xffffff45 fr.pc=0x0000000126a31440 relative=0x0000000000000460
Event: 4.230 Thread 0x00007fc41e89bc00 Uncommon trap: reason=unstable_if action=reinterpret pc=0x0000000126a31440 method=org.springframework.beans.factory.support.AbstractBeanFactory.hasInstantiationAwareBeanPostProcessors()Z @ 12 c2
Event: 4.230 Thread 0x00007fc41e89bc00 DEOPT PACKING pc=0x0000000126a31440 sp=0x0000700010d5fa80
Event: 4.230 Thread 0x00007fc41e89bc00 DEOPT UNPACKING pc=0x000000011ee89424 sp=0x0000700010d5f958 mode 2

Classes unloaded (0 events):
No events

Classes redefined (0 events):
No events

Internal exceptions (20 events):
Event: 2.159 Thread 0x00007fc41e89bc00 Exception <a 'java/lang/ClassNotFoundException'{0x000000074903e410}: org/springframework/context/EnvironmentAwareCustomizer> (0x000000074903e410) 
thrown [./open/src/hotspot/share/classfile/systemDictionary.cpp, line 256]
Event: 2.160 Thread 0x00007fc41e89bc00 Exception <a 'java/lang/ClassNotFoundException'{0x00000007490432f0}: org/springframework/beans/factory/AwareCustomizer> (0x00000007490432f0) 
thrown [./open/src/hotspot/share/classfile/systemDictionary.cpp, line 256]
Event: 2.315 Thread 0x00007fc41e07ea00 Exception <a 'java/lang/NoSuchMethodError'{0x0000000748861ce0}: 'java.lang.Object java.lang.invoke.DirectMethodHandle$Holder.invokeStaticInit(java.lang.Object, java.lang.Object, java.lang.Object, java.lang.Object, java.lang.Object)'> (0x0000000748861ce0) 
thrown [./open/src/hotspot/share/interpreter/linkResolver.cpp, line 790]
Event: 2.523 Thread 0x00007fc41e89bc00 Exception <a 'java/lang/IncompatibleClassChangeError'{0x0000000745ac1610}: Found class java.lang.Object, but interface was expected> (0x0000000745ac1610) 
thrown [./open/src/hotspot/share/interpreter/linkResolver.cpp, line 857]
Event: 2.608 Thread 0x00007fc41e89bc00 Exception <a 'java/lang/NoSuchMethodError'{0x000000074564d5e8}: 'void java.lang.invoke.DirectMethodHandle$Holder.invokeInterface(java.lang.Object, java.lang.Object, java.lang.Object, java.lang.Object)'> (0x000000074564d5e8) 
thrown [./open/src/hotspot/share/interpreter/linkResolver.cpp, line 790]
Event: 2.750 Thread 0x00007fc41e07ea00 Exception <a 'java/lang/NoSuchMethodError'{0x00000007451a0608}: 'long java.lang.invoke.DirectMethodHandle$Holder.invokeSpecial(java.lang.Object, java.lang.Object)'> (0x00000007451a0608) 
thrown [./open/src/hotspot/share/interpreter/linkResolver.cpp, line 790]
Event: 2.754 Thread 0x00007fc41e07ea00 Exception <a 'java/lang/NoSuchMethodError'{0x00000007451ab780}: 'long java.lang.invoke.DirectMethodHandle$Holder.invokeStatic(java.lang.Object, java.lang.Object)'> (0x00000007451ab780) 
thrown [./open/src/hotspot/share/interpreter/linkResolver.cpp, line 790]
Event: 2.754 Thread 0x00007fc41e07ea00 Exception <a 'java/lang/NoSuchMethodError'{0x00000007451aef60}: 'long java.lang.invoke.DirectMethodHandle$Holder.invokeStaticInit(java.lang.Object, java.lang.Object)'> (0x00000007451aef60) 
thrown [./open/src/hotspot/share/interpreter/linkResolver.cpp, line 790]
Event: 2.758 Thread 0x00007fc41e07ea00 Exception <a 'java/lang/NoSuchMethodError'{0x00000007451bcdf8}: 'long java.lang.invoke.DirectMethodHandle$Holder.invokeInterface(java.lang.Object, java.lang.Object)'> (0x00000007451bcdf8) 
thrown [./open/src/hotspot/share/interpreter/linkResolver.cpp, line 790]
Event: 2.758 Thread 0x00007fc41e07ea00 Exception <a 'java/lang/IncompatibleClassChangeError'{0x00000007451c0558}: Found class java.lang.Object, but interface was expected> (0x00000007451c0558) 
thrown [./open/src/hotspot/share/interpreter/linkResolver.cpp, line 857]
Event: 2.778 Thread 0x00007fc41e07ea00 Exception <a 'java/lang/NoSuchMethodError'{0x0000000744f35780}: 'java.lang.Object java.lang.invoke.DirectMethodHandle$Holder.invokeVirtual(java.lang.Object, java.lang.Object, java.lang.Object, java.lang.Object)'> (0x0000000744f35780) 
thrown [./open/src/hotspot/share/interpreter/linkResolver.cpp, line 790]
Event: 3.787 Thread 0x00007fc41e89bc00 Exception <a 'java/lang/NoSuchMethodError'{0x0000000742817ad0}: 'java.lang.Object java.lang.invoke.DirectMethodHandle$Holder.invokeStatic(java.lang.Object, java.lang.Object, java.lang.Object, java.lang.Object, int)'> (0x0000000742817ad0) 
thrown [./open/src/hotspot/share/interpreter/linkResolver.cpp, line 790]
Event: 3.824 Thread 0x00007fc41e89bc00 Exception <a 'java/lang/NoSuchMethodError'{0x00000007428e6238}: 'java.lang.Object java.lang.invoke.DirectMethodHandle$Holder.invokeSpecialIFC(java.lang.Object, java.lang.Object, java.lang.Object)'> (0x00000007428e6238) 
thrown [./open/src/hotspot/share/interpreter/linkResolver.cpp, line 790]
Event: 4.185 Thread 0x00007fc41e89bc00 Implicit null exception at 0x0000000126a19735 to 0x0000000126a1999c
Event: 4.225 Thread 0x00007fc41e89bc00 Exception <a 'java/lang/NoClassDefFoundError'{0x00000007421decf0}: org/flywaydb/core/Flyway> (0x00000007421decf0) 
thrown [./open/src/hotspot/share/classfile/systemDictionary.cpp, line 245]
Event: 4.226 Thread 0x00007fc41e89bc00 Exception <a 'java/lang/NoClassDefFoundError'{0x00000007421dff20}: liquibase/integration/spring/SpringLiquibase> (0x00000007421dff20) 
thrown [./open/src/hotspot/share/classfile/systemDictionary.cpp, line 245]
Event: 4.357 Thread 0x00007fc41e89bc00 Exception <a 'java/lang/NoClassDefFoundError'{0x0000000741c1de48}: org/jooq/DSLContext> (0x0000000741c1de48) 
thrown [./open/src/hotspot/share/classfile/systemDictionary.cpp, line 245]
Event: 4.359 Thread 0x00007fc41e89bc00 Exception <a 'java/lang/NoClassDefFoundError'{0x0000000741c294d8}: org/springframework/batch/core/repository/JobRepository> (0x0000000741c294d8) 
thrown [./open/src/hotspot/share/classfile/systemDictionary.cpp, line 245]
Event: 4.359 Thread 0x00007fc41e89bc00 Exception <a 'java/lang/NoClassDefFoundError'{0x0000000741c2a578}: org/quartz/Scheduler> (0x0000000741c2a578) 
thrown [./open/src/hotspot/share/classfile/systemDictionary.cpp, line 245]
Event: 4.359 Thread 0x00007fc41e89bc00 Exception <a 'java/lang/NoClassDefFoundError'{0x0000000741c2b990}: org/springframework/session/jdbc/JdbcIndexedSessionRepository> (0x0000000741c2b990) 
thrown [./open/src/hotspot/share/classfile/systemDictionary.cpp, line 245]

Events (20 events):
Event: 4.150 loading class java/util/WeakHashMap$EntryIterator
Event: 4.151 loading class java/util/WeakHashMap$HashIterator
Event: 4.151 loading class java/util/WeakHashMap$HashIterator done
Event: 4.151 loading class java/util/WeakHashMap$EntryIterator done
Event: 4.171 loading class java/util/DualPivotQuicksort
Event: 4.171 loading class java/util/DualPivotQuicksort done
Event: 4.173 loading class java/util/LinkedList$ListItr
Event: 4.173 loading class java/util/LinkedList$ListItr done
Event: 4.180 loading class jdk/internal/reflect/UnsafeStaticObjectFieldAccessorImpl
Event: 4.180 loading class jdk/internal/reflect/UnsafeStaticObjectFieldAccessorImpl done
Event: 4.321 Executing  VM operation: HandshakeAllThreads
Event: 4.321 Executing  VM operation: HandshakeAllThreads done
Event: 4.322 Executing  VM operation: HandshakeAllThreads
Event: 4.322 Executing  VM operation: HandshakeAllThreads done
Event: 4.329 loading class java/lang/Class$EnclosingMethodInfo
Event: 4.329 loading class java/lang/Class$EnclosingMethodInfo done
Event: 4.382 loading class javax/xml/ws$WebServiceRef
Event: 4.382 loading class javax/xml/ws$WebServiceRef done
Event: 4.384 loading class javax/naming/NameNotFoundException
Event: 4.384 loading class javax/naming/NameNotFoundException done


Dynamic libraries:
0x00007fff6a79c000 	/usr/lib/libz.1.dylib
0x000000010fcef000 	/Library/Java/JavaVirtualMachines/jdk-16.0.2.jdk/Contents/Home/lib/libjli.dylib
0x00007fff42179000 	/System/Library/Frameworks/Cocoa.framework/Versions/A/Cocoa
0x00007fff4e7dc000 	/System/Library/Frameworks/Security.framework/Versions/A/Security
0x00007fff40db7000 	/System/Library/Frameworks/ApplicationServices.framework/Versions/A/ApplicationServices
0x00007fff6864a000 	/usr/lib/libSystem.B.dylib
0x00007fff6a84a000 	/usr/lib/system/libcache.dylib
0x00007fff6a84f000 	/usr/lib/system/libcommonCrypto.dylib
0x00007fff6a85a000 	/usr/lib/system/libcompiler_rt.dylib
0x00007fff6a862000 	/usr/lib/system/libcopyfile.dylib
0x00007fff6a86c000 	/usr/lib/system/libcorecrypto.dylib
0x00007fff6a979000 	/usr/lib/system/libdispatch.dylib
0x00007fff6a9b3000 	/usr/lib/system/libdyld.dylib
0x00007fff6a9d1000 	/usr/lib/system/libkeymgr.dylib
0x00007fff6a9df000 	/usr/lib/system/liblaunch.dylib
0x00007fff6a9e0000 	/usr/lib/system/libmacho.dylib
0x00007fff6a9e5000 	/usr/lib/system/libquarantine.dylib
0x00007fff6a9e8000 	/usr/lib/system/libremovefile.dylib
0x00007fff6a9ea000 	/usr/lib/system/libsystem_asl.dylib
0x00007fff6aa02000 	/usr/lib/system/libsystem_blocks.dylib
0x00007fff6aa03000 	/usr/lib/system/libsystem_c.dylib
0x00007fff6aa8d000 	/usr/lib/system/libsystem_configuration.dylib
0x00007fff6aa91000 	/usr/lib/system/libsystem_coreservices.dylib
0x00007fff6aa95000 	/usr/lib/system/libsystem_darwin.dylib
0x00007fff6aa97000 	/usr/lib/system/libsystem_dnssd.dylib
0x00007fff6aa9e000 	/usr/lib/system/libsystem_info.dylib
0x00007fff6ab0f000 	/usr/lib/system/libsystem_m.dylib
0x00007fff6ab5b000 	/usr/lib/system/libsystem_malloc.dylib
0x00007fff6ab7b000 	/usr/lib/system/libsystem_network.dylib
0x00007fff6acac000 	/usr/lib/system/libsystem_networkextension.dylib
0x00007fff6acb7000 	/usr/lib/system/libsystem_notify.dylib
0x00007fff6acd5000 	/usr/lib/system/libsystem_sandbox.dylib
0x00007fff6acd9000 	/usr/lib/system/libsystem_secinit.dylib
0x00007fff6aae8000 	/usr/lib/system/libsystem_kernel.dylib
0x00007fff6acc1000 	/usr/lib/system/libsystem_platform.dylib
0x00007fff6acc9000 	/usr/lib/system/libsystem_pthread.dylib
0x00007fff6acdb000 	/usr/lib/system/libsystem_symptoms.dylib
0x00007fff6ace3000 	/usr/lib/system/libsystem_trace.dylib
0x00007fff6acf9000 	/usr/lib/system/libunwind.dylib
0x00007fff6acff000 	/usr/lib/system/libxpc.dylib
0x00007fff68110000 	/usr/lib/closure/libclosured.dylib
0x00007fff69d85000 	/usr/lib/libobjc.A.dylib
0x00007fff68959000 	/usr/lib/libc++abi.dylib
0x00007fff68902000 	/usr/lib/libc++.1.dylib
0x00007fff4293a000 	/System/Library/Frameworks/CoreFoundation.framework/Versions/A/CoreFoundation
0x00007fff44ab6000 	/System/Library/Frameworks/Foundation.framework/Versions/C/Foundation
0x00007fff3ff07000 	/System/Library/Frameworks/AppKit.framework/Versions/C/AppKit
0x00007fff424f1000 	/System/Library/Frameworks/CoreData.framework/Versions/A/CoreData
0x00007fff61efd000 	/System/Library/PrivateFrameworks/RemoteViewServices.framework/Versions/A/RemoteViewServices
0x00007fff6667b000 	/System/Library/PrivateFrameworks/UIFoundation.framework/Versions/A/UIFoundation
0x00007fff56cf5000 	/System/Library/PrivateFrameworks/DFRFoundation.framework/Versions/A/DFRFoundation
0x00007fff4713b000 	/System/Library/Frameworks/Metal.framework/Versions/A/Metal
0x00007fff56e92000 	/System/Library/PrivateFrameworks/DesktopServicesPriv.framework/Versions/A/DesktopServicesPriv
0x00007fff692d2000 	/usr/lib/libenergytrace.dylib
0x00007fff646e5000 	/System/Library/PrivateFrameworks/SkyLight.framework/Versions/A/SkyLight
0x00007fff42dd8000 	/System/Library/Frameworks/CoreGraphics.framework/Versions/A/CoreGraphics
0x00007fff68645000 	/usr/lib/libScreenReader.dylib
0x00007fff3ec19000 	/System/Library/Frameworks/Accelerate.framework/Versions/A/Accelerate
0x00007fff45231000 	/System/Library/Frameworks/IOSurface.framework/Versions/A/IOSurface
0x00007fff41302000 	/System/Library/Frameworks/AudioToolbox.framework/Versions/A/AudioToolbox
0x00007fff41592000 	/System/Library/Frameworks/AudioUnit.framework/Versions/A/AudioUnit
0x00007fff56d8d000 	/System/Library/PrivateFrameworks/DataDetectorsCore.framework/Versions/A/DataDetectorsCore
0x00007fff41c6c000 	/System/Library/Frameworks/Carbon.framework/Versions/A/Frameworks/HIToolbox.framework/Versions/A/HIToolbox
0x00007fff6942c000 	/usr/lib/libicucore.A.dylib
0x00007fff4dd58000 	/System/Library/Frameworks/QuartzCore.framework/Versions/A/QuartzCore
0x00007fff63986000 	/System/Library/PrivateFrameworks/SignpostNotification.framework/Versions/A/SignpostNotification
0x00007fff42052000 	/System/Library/Frameworks/Carbon.framework/Versions/A/Frameworks/SpeechRecognition.framework/Versions/A/SpeechRecognition
0x00007fff68828000 	/usr/lib/libauto.dylib
0x00007fff6a68b000 	/usr/lib/libxml2.2.dylib
0x00007fff56945000 	/System/Library/PrivateFrameworks/CoreUI.framework/Versions/A/CoreUI
0x00007fff423cd000 	/System/Library/Frameworks/CoreAudio.framework/Versions/A/CoreAudio
0x00007fff448f0000 	/System/Library/Frameworks/DiskArbitration.framework/Versions/A/DiskArbitration
0x00007fff696a0000 	/usr/lib/liblangid.dylib
0x00007fff5e401000 	/System/Library/PrivateFrameworks/MultitouchSupport.framework/Versions/A/MultitouchSupport
0x00007fff45194000 	/System/Library/Frameworks/IOKit.framework/Versions/A/IOKit
0x00007fff682d4000 	/usr/lib/libDiagnosticMessagesClient.dylib
0x00007fff43acd000 	/System/Library/Frameworks/CoreServices.framework/Versions/A/CoreServices
0x00007fff5ff39000 	/System/Library/PrivateFrameworks/PerformanceAnalysis.framework/Versions/A/PerformanceAnalysis
0x00007fff4cef5000 	/System/Library/Frameworks/OpenGL.framework/Versions/A/OpenGL
0x00007fff42187000 	/System/Library/Frameworks/ColorSync.framework/Versions/A/ColorSync
0x00007fff43409000 	/System/Library/Frameworks/CoreImage.framework/Versions/A/CoreImage
0x00007fff4445e000 	/System/Library/Frameworks/CoreText.framework/Versions/A/CoreText
0x00007fff4528f000 	/System/Library/Frameworks/ImageIO.framework/Versions/A/ImageIO
0x00007fff535ef000 	/System/Library/PrivateFrameworks/Backup.framework/Versions/A/Backup
0x00007fff686f6000 	/usr/lib/libarchive.2.dylib
0x00007fff418b5000 	/System/Library/Frameworks/CFNetwork.framework/Versions/A/CFNetwork
0x00007fff4ef6f000 	/System/Library/Frameworks/SystemConfiguration.framework/Versions/A/SystemConfiguration
0x00007fff681fd000 	/usr/lib/libCRFSuite.dylib
0x00007fff688e3000 	/usr/lib/libbsm.0.dylib
0x00007fff6a9d2000 	/usr/lib/system/libkxld.dylib
0x00007fff6850e000 	/usr/lib/libOpenScriptingUtil.dylib
0x00007fff68c52000 	/usr/lib/libcoretls.dylib
0x00007fff68c6b000 	/usr/lib/libcoretls_cfhelpers.dylib
0x00007fff6a189000 	/usr/lib/libpam.2.dylib
0x00007fff6a2b4000 	/usr/lib/libsqlite3.dylib
0x00007fff6a67a000 	/usr/lib/libxar.1.dylib
0x00007fff688f4000 	/usr/lib/libbz2.1.0.dylib
0x00007fff696a2000 	/usr/lib/liblzma.5.dylib
0x00007fff69b83000 	/usr/lib/libnetwork.dylib
0x00007fff686df000 	/usr/lib/libapple_nghttp2.dylib
0x00007fff6a190000 	/usr/lib/libpcap.A.dylib
0x00007fff68829000 	/usr/lib/libboringssl.dylib
0x00007fff6a615000 	/usr/lib/libusrtcp.dylib
0x00007fff686de000 	/usr/lib/libapple_crypto.dylib
0x00007fff43e50000 	/System/Library/Frameworks/CoreServices.framework/Versions/A/Frameworks/FSEvents.framework/Versions/A/FSEvents
0x00007fff43b43000 	/System/Library/Frameworks/CoreServices.framework/Versions/A/Frameworks/CarbonCore.framework/Versions/A/CarbonCore
0x00007fff44018000 	/System/Library/Frameworks/CoreServices.framework/Versions/A/Frameworks/Metadata.framework/Versions/A/Metadata
0x00007fff440c9000 	/System/Library/Frameworks/CoreServices.framework/Versions/A/Frameworks/OSServices.framework/Versions/A/OSServices
0x00007fff4412a000 	/System/Library/Frameworks/CoreServices.framework/Versions/A/Frameworks/SearchKit.framework/Versions/A/SearchKit
0x00007fff43ace000 	/System/Library/Frameworks/CoreServices.framework/Versions/A/Frameworks/AE.framework/Versions/A/AE
0x00007fff43e59000 	/System/Library/Frameworks/CoreServices.framework/Versions/A/Frameworks/LaunchServices.framework/Versions/A/LaunchServices
0x00007fff43e1b000 	/System/Library/Frameworks/CoreServices.framework/Versions/A/Frameworks/DictionaryServices.framework/Versions/A/DictionaryServices
0x00007fff44199000 	/System/Library/Frameworks/CoreServices.framework/Versions/A/Frameworks/SharedFileList.framework/Versions/A/SharedFileList
0x00007fff48371000 	/System/Library/Frameworks/NetFS.framework/Versions/A/NetFS
0x00007fff5e692000 	/System/Library/PrivateFrameworks/NetAuth.framework/Versions/A/NetAuth
0x00007fff67fa7000 	/System/Library/PrivateFrameworks/login.framework/Versions/A/Frameworks/loginsupport.framework/Versions/A/loginsupport
0x00007fff662f8000 	/System/Library/PrivateFrameworks/TCC.framework/Versions/A/TCC
0x00007fff69783000 	/usr/lib/libmecabra.dylib
0x00007fff40db8000 	/System/Library/Frameworks/ApplicationServices.framework/Versions/A/Frameworks/ATS.framework/Versions/A/ATS
0x00007fff41167000 	/System/Library/Frameworks/ApplicationServices.framework/Versions/A/Frameworks/ColorSyncLegacy.framework/Versions/A/ColorSyncLegacy
0x00007fff4120b000 	/System/Library/Frameworks/ApplicationServices.framework/Versions/A/Frameworks/HIServices.framework/Versions/A/HIServices
0x00007fff4125e000 	/System/Library/Frameworks/ApplicationServices.framework/Versions/A/Frameworks/LangAnalysis.framework/Versions/A/LangAnalysis
0x00007fff4126d000 	/System/Library/Frameworks/ApplicationServices.framework/Versions/A/Frameworks/PrintCore.framework/Versions/A/PrintCore
0x00007fff412ba000 	/System/Library/Frameworks/ApplicationServices.framework/Versions/A/Frameworks/QD.framework/Versions/A/QD
0x00007fff412f5000 	/System/Library/Frameworks/ApplicationServices.framework/Versions/A/Frameworks/SpeechSynthesis.framework/Versions/A/SpeechSynthesis
0x00007fff42856000 	/System/Library/Frameworks/CoreDisplay.framework/Versions/A/CoreDisplay
0x00007fff3ec32000 	/System/Library/Frameworks/Accelerate.framework/Versions/A/Frameworks/vImage.framework/Versions/A/vImage
0x00007fff3fc13000 	/System/Library/Frameworks/Accelerate.framework/Versions/A/Frameworks/vecLib.framework/Versions/A/vecLib
0x00007fff3f9e8000 	/System/Library/Frameworks/Accelerate.framework/Versions/A/Frameworks/vecLib.framework/Versions/A/libvDSP.dylib
0x00007fff3f522000 	/System/Library/Frameworks/Accelerate.framework/Versions/A/Frameworks/vecLib.framework/Versions/A/libBNNS.dylib
0x00007fff3f94e000 	/System/Library/Frameworks/Accelerate.framework/Versions/A/Frameworks/vecLib.framework/Versions/A/libQuadrature.dylib
0x00007fff3fb5c000 	/System/Library/Frameworks/Accelerate.framework/Versions/A/Frameworks/vecLib.framework/Versions/A/libvMisc.dylib
0x00007fff3f55d000 	/System/Library/Frameworks/Accelerate.framework/Versions/A/Frameworks/vecLib.framework/Versions/A/libLAPACK.dylib
0x00007fff3f381000 	/System/Library/Frameworks/Accelerate.framework/Versions/A/Frameworks/vecLib.framework/Versions/A/libBLAS.dylib
0x00007fff3f937000 	/System/Library/Frameworks/Accelerate.framework/Versions/A/Frameworks/vecLib.framework/Versions/A/libLinearAlgebra.dylib
0x00007fff3f954000 	/System/Library/Frameworks/Accelerate.framework/Versions/A/Frameworks/vecLib.framework/Versions/A/libSparse.dylib
0x00007fff3f9d5000 	/System/Library/Frameworks/Accelerate.framework/Versions/A/Frameworks/vecLib.framework/Versions/A/libSparseBLAS.dylib
0x00007fff5b4cc000 	/System/Library/PrivateFrameworks/GPUWrangler.framework/Versions/A/GPUWrangler
0x00007fff5cc60000 	/System/Library/PrivateFrameworks/IOAccelerator.framework/Versions/A/IOAccelerator
0x00007fff5cc6b000 	/System/Library/PrivateFrameworks/IOPresentment.framework/Versions/A/IOPresentment
0x00007fff56d07000 	/System/Library/PrivateFrameworks/DSExternalDisplay.framework/Versions/A/DSExternalDisplay
0x00007fff4c374000 	/System/Library/Frameworks/OpenGL.framework/Versions/A/Libraries/libCoreFSCache.dylib
0x00007fff445af000 	/System/Library/Frameworks/CoreVideo.framework/Versions/A/CoreVideo
0x00007fff5c247000 	/System/Library/PrivateFrameworks/GraphVisualizer.framework/Versions/A/GraphVisualizer
0x00007fff47372000 	/System/Library/Frameworks/MetalPerformanceShaders.framework/Versions/A/MetalPerformanceShaders
0x00007fff6830c000 	/usr/lib/libFosl_dynamic.dylib
0x00007fff57dd6000 	/System/Library/PrivateFrameworks/FaceCore.framework/Versions/A/FaceCore
0x00007fff4b16f000 	/System/Library/Frameworks/OpenCL.framework/Versions/A/OpenCL
0x00007fff68990000 	/usr/lib/libcompression.dylib
0x00007fff40eb7000 	/System/Library/Frameworks/ApplicationServices.framework/Versions/A/Frameworks/ATS.framework/Versions/A/Resources/libFontParser.dylib
0x00007fff40fda000 	/System/Library/Frameworks/ApplicationServices.framework/Versions/A/Frameworks/ATS.framework/Versions/A/Resources/libFontRegistry.dylib
0x00007fff454fb000 	/System/Library/Frameworks/ImageIO.framework/Versions/A/Resources/libJPEG.dylib
0x00007fff45839000 	/System/Library/Frameworks/ImageIO.framework/Versions/A/Resources/libTIFF.dylib
0x00007fff4580f000 	/System/Library/Frameworks/ImageIO.framework/Versions/A/Resources/libPng.dylib
0x00007fff4540e000 	/System/Library/Frameworks/ImageIO.framework/Versions/A/Resources/libGIF.dylib
0x00007fff45413000 	/System/Library/Frameworks/ImageIO.framework/Versions/A/Resources/libJP2.dylib
0x00007fff45836000 	/System/Library/Frameworks/ImageIO.framework/Versions/A/Resources/libRadiance.dylib
0x00007fff52d19000 	/System/Library/PrivateFrameworks/AppleJPEG.framework/Versions/A/AppleJPEG
0x00007fff471d9000 	/System/Library/Frameworks/MetalPerformanceShaders.framework/Frameworks/MPSCore.framework/Versions/A/MPSCore
0x00007fff471f5000 	/System/Library/Frameworks/MetalPerformanceShaders.framework/Frameworks/MPSImage.framework/Versions/A/MPSImage
0x00007fff4728a000 	/System/Library/Frameworks/MetalPerformanceShaders.framework/Frameworks/MPSNeuralNetwork.framework/Versions/A/MPSNeuralNetwork
0x00007fff47265000 	/System/Library/Frameworks/MetalPerformanceShaders.framework/Frameworks/MPSMatrix.framework/Versions/A/MPSMatrix
0x00007fff5e163000 	/System/Library/PrivateFrameworks/MetalTools.framework/Versions/A/MetalTools
0x00007fff4c53f000 	/System/Library/Frameworks/OpenGL.framework/Versions/A/Libraries/libGLU.dylib
0x00007fff4c37f000 	/System/Library/Frameworks/OpenGL.framework/Versions/A/Libraries/libGFXShared.dylib
0x00007fff4c389000 	/System/Library/Frameworks/OpenGL.framework/Versions/A/Libraries/libGL.dylib
0x00007fff4c395000 	/System/Library/Frameworks/OpenGL.framework/Versions/A/Libraries/libGLImage.dylib
0x00007fff4c371000 	/System/Library/Frameworks/OpenGL.framework/Versions/A/Libraries/libCVMSPluginSupport.dylib
0x00007fff4c37a000 	/System/Library/Frameworks/OpenGL.framework/Versions/A/Libraries/libCoreVMClient.dylib
0x00007fff6913d000 	/usr/lib/libcups.2.dylib
0x00007fff46740000 	/System/Library/Frameworks/Kerberos.framework/Versions/A/Kerberos
0x00007fff44eee000 	/System/Library/Frameworks/GSS.framework/Versions/A/GSS
0x00007fff6a247000 	/usr/lib/libresolv.9.dylib
0x00007fff6933a000 	/usr/lib/libiconv.2.dylib
0x00007fff5c2d9000 	/System/Library/PrivateFrameworks/Heimdal.framework/Versions/A/Heimdal
0x00007fff69309000 	/usr/lib/libheimdal-asn1.dylib
0x00007fff4b1e7000 	/System/Library/Frameworks/OpenDirectory.framework/Versions/A/OpenDirectory
0x00007fff55032000 	/System/Library/PrivateFrameworks/CommonAuth.framework/Versions/A/CommonAuth
0x00007fff4b1ca000 	/System/Library/Frameworks/OpenDirectory.framework/Versions/A/Frameworks/CFOpenDirectory.framework/Versions/A/CFOpenDirectory
0x00007fff4eb08000 	/System/Library/Frameworks/SecurityFoundation.framework/Versions/A/SecurityFoundation
0x00007fff51edc000 	/System/Library/PrivateFrameworks/APFS.framework/Versions/A/APFS
0x00007fff6a676000 	/usr/lib/libutil.dylib
0x00007fff52d9c000 	/System/Library/PrivateFrameworks/AppleSauce.framework/Versions/A/AppleSauce
0x00007fff5d448000 	/System/Library/PrivateFrameworks/LinguisticData.framework/Versions/A/LinguisticData
0x00007fff696bc000 	/usr/lib/libmarisa.dylib
0x00007fff5d402000 	/System/Library/PrivateFrameworks/Lexicon.framework/Versions/A/Lexicon
0x00007fff68237000 	/usr/lib/libChineseTokenizer.dylib
0x00007fff6897f000 	/usr/lib/libcmph.dylib
0x00007fff5d30c000 	/System/Library/PrivateFrameworks/LanguageModeling.framework/Versions/A/LanguageModeling
0x00007fff55b4f000 	/System/Library/PrivateFrameworks/CoreEmoji.framework/Versions/A/CoreEmoji
0x00007fff4ebc6000 	/System/Library/Frameworks/ServiceManagement.framework/Versions/A/ServiceManagement
0x00007fff535e7000 	/System/Library/PrivateFrameworks/BackgroundTaskManagement.framework/Versions/A/BackgroundTaskManagement
0x00007fff6a773000 	/usr/lib/libxslt.1.dylib
0x00007fff41f7c000 	/System/Library/Frameworks/Carbon.framework/Versions/A/Frameworks/Ink.framework/Versions/A/Ink
0x00007fff6650d000 	/System/Library/PrivateFrameworks/TextureIO.framework/Versions/A/TextureIO
0x00007fff68721000 	/usr/lib/libate.dylib
0x00007fff56c66000 	/System/Library/PrivateFrameworks/CrashReporterSupport.framework/Versions/A/CrashReporterSupport
0x00007fff63846000 	/System/Library/PrivateFrameworks/Sharing.framework/Versions/A/Sharing
0x00007fff5d04d000 	/System/Library/PrivateFrameworks/IconServices.framework/Versions/A/IconServices
0x00007fff53217000 	/System/Library/PrivateFrameworks/AuthKit.framework/Versions/A/AuthKit
0x00007fff52b9c000 	/System/Library/PrivateFrameworks/Apple80211.framework/Versions/A/Apple80211
0x00007fff56a7b000 	/System/Library/PrivateFrameworks/CoreUtils.framework/Versions/A/CoreUtils
0x00007fff445ea000 	/System/Library/Frameworks/CoreWLAN.framework/Versions/A/CoreWLAN
0x00007fff45030000 	/System/Library/Frameworks/IOBluetooth.framework/Versions/A/IOBluetooth
0x00007fff61d08000 	/System/Library/PrivateFrameworks/ProtocolBuffer.framework/Versions/A/ProtocolBuffer
0x00007fff5e35c000 	/System/Library/PrivateFrameworks/MobileKeyBag.framework/Versions/A/MobileKeyBag
0x00007fff562f3000 	/System/Library/PrivateFrameworks/CorePhoneNumbers.framework/Versions/A/CorePhoneNumbers
0x00007fff52cd4000 	/System/Library/PrivateFrameworks/AppleIDAuthSupport.framework/Versions/A/AppleIDAuthSupport
0x00007fff5d2f8000 	/System/Library/PrivateFrameworks/KeychainCircle.framework/Versions/A/KeychainCircle
0x00007fff56c01000 	/System/Library/PrivateFrameworks/CoreWiFi.framework/Versions/A/CoreWiFi
0x00007fff424c7000 	/System/Library/Frameworks/CoreBluetooth.framework/Versions/A/CoreBluetooth
0x00007fff56e51000 	/System/Library/PrivateFrameworks/DebugSymbols.framework/Versions/A/DebugSymbols
0x00007fff56831000 	/System/Library/PrivateFrameworks/CoreSymbolication.framework/Versions/A/CoreSymbolication
0x00007fff65cfe000 	/System/Library/PrivateFrameworks/Symbolication.framework/Versions/A/Symbolication
0x00007fff52bc6000 	/System/Library/PrivateFrameworks/AppleFSCompression.framework/Versions/A/AppleFSCompression
0x00007fff6514b000 	/System/Library/PrivateFrameworks/SpeechRecognitionCore.framework/Versions/A/SpeechRecognitionCore
0x0000000110e00000 	/Library/Java/JavaVirtualMachines/jdk-16.0.2.jdk/Contents/Home/lib/server/libjvm.dylib
0x000000010fd29000 	/Library/Java/JavaVirtualMachines/jdk-16.0.2.jdk/Contents/Home/lib/libjimage.dylib
0x000000010fd37000 	/Library/Java/JavaVirtualMachines/jdk-16.0.2.jdk/Contents/Home/lib/libinstrument.dylib
0x000000010fd47000 	/Library/Java/JavaVirtualMachines/jdk-16.0.2.jdk/Contents/Home/lib/./libjava.dylib
0x000000011eb05000 	/Library/Java/JavaVirtualMachines/jdk-16.0.2.jdk/Contents/Home/lib/libzip.dylib
0x000000011eb39000 	/Library/Java/JavaVirtualMachines/jdk-16.0.2.jdk/Contents/Home/lib/libnio.dylib
0x000000011eb4d000 	/Library/Java/JavaVirtualMachines/jdk-16.0.2.jdk/Contents/Home/lib/./libnet.dylib
0x000000011ebef000 	/Library/Java/JavaVirtualMachines/jdk-16.0.2.jdk/Contents/Home/lib/libextnet.dylib
0x000000011ebf6000 	/Library/Java/JavaVirtualMachines/jdk-16.0.2.jdk/Contents/Home/lib/libverify.dylib
0x0000000132ee4000 	/Library/Java/JavaVirtualMachines/jdk-16.0.2.jdk/Contents/Home/lib/libmanagement.dylib
0x0000000132eee000 	/Library/Java/JavaVirtualMachines/jdk-16.0.2.jdk/Contents/Home/lib/libmanagement_ext.dylib


VM Arguments:
jvm_args: -javaagent:/Applications/IntelliJ IDEA CE.app/Contents/lib/idea_rt.jar=50368:/Applications/IntelliJ IDEA CE.app/Contents/bin -Dfile.encoding=UTF-8 
java_command: com.example.demo.ApiMinitaskApplication
java_class_path (initial): /Users/moisesarrona/Documents/spring/api-minitask/target/classes:/Users/moisesarrona/.m2/repository/org/springframework/boot/spring-boot-starter-data-jpa/2.5.5/spring-boot-starter-data-jpa-2.5.5.jar:/Users/moisesarrona/.m2/repository/org/springframework/boot/spring-boot-starter-aop/2.5.5/spring-boot-starter-aop-2.5.5.jar:/Users/moisesarrona/.m2/repository/org/springframework/spring-aop/5.3.10/spring-aop-5.3.10.jar:/Users/moisesarrona/.m2/repository/org/aspectj/aspectjweaver/1.9.7/aspectjweaver-1.9.7.jar:/Users/moisesarrona/.m2/repository/org/springframework/boot/spring-boot-starter-jdbc/2.5.5/spring-boot-starter-jdbc-2.5.5.jar:/Users/moisesarrona/.m2/repository/com/zaxxer/HikariCP/4.0.3/HikariCP-4.0.3.jar:/Users/moisesarrona/.m2/repository/org/springframework/spring-jdbc/5.3.10/spring-jdbc-5.3.10.jar:/Users/moisesarrona/.m2/repository/jakarta/transaction/jakarta.transaction-api/1.3.3/jakarta.transaction-api-1.3.3.jar:/Users/moisesarrona/.m2/repository/jakarta/persistence/jakarta.persistence-api/2.2.3/jakarta.persistence-api-2.2.3.jar:/Users/moisesarrona/.m2/repository/org/hibernate/hibernate-core/5.4.32.Final/hibernate-core-5.4.32.Final.jar:/Users/moisesarrona/.m2/repository/org/jboss/logging/jboss-logging/3.4.2.Final/jboss-logging-3.4.2.Final.jar:/Users/moisesarrona/.m2/repository/org/javassist/javassist/3.27.0-GA/javassist-3.27.0-GA.jar:/Users/moisesarrona/.m2/repository/net/bytebuddy/byte-buddy/1.10.22/byte-buddy-1.10.22.jar:/Users/moisesarrona/.m2/repository/antlr/antlr/2.7.7/antlr-2.7.7.jar:/Users/moisesarrona/.m2/repository/org/jboss/jandex/2.2.3.Final/jandex-2.2.3.Final.jar:/Users/moisesarrona/.m2/repository/com/fasterxml/classmate/1.5.1/classmate-1.5.1.jar:/Users/moisesarrona/.m2/repository/org/dom4j/dom4j/2.1.3/dom4j-2.1.3.jar:/Users/moisesarrona/.m2/repository/org/hibernate/common/hibernate-commons-annotations/5.1.2.Final/hibernate-commons-annotations-5.1.2.Final.jar:/Users/moisesarrona/.m2/repository/org/glassfish/jaxb/jaxb-ru
Launcher Type: SUN_STANDARD

[Global flags]
     intx CICompilerCount                          = 4                                         {product} {ergonomic}
     uint ConcGCThreads                            = 2                                         {product} {ergonomic}
     uint G1ConcRefinementThreads                  = 8                                         {product} {ergonomic}
   size_t G1HeapRegionSize                         = 2097152                                   {product} {ergonomic}
    uintx GCDrainStackTargetSize                   = 64                                        {product} {ergonomic}
   size_t InitialHeapSize                          = 201326592                                 {product} {ergonomic}
   size_t MarkStackSize                            = 4194304                                   {product} {ergonomic}
   size_t MaxHeapSize                              = 3221225472                                {product} {ergonomic}
   size_t MaxNewSize                               = 1931476992                                {product} {ergonomic}
   size_t MinHeapDeltaBytes                        = 2097152                                   {product} {ergonomic}
   size_t MinHeapSize                              = 8388608                                   {product} {ergonomic}
    uintx NonNMethodCodeHeapSize                   = 5839372                                {pd product} {ergonomic}
    uintx NonProfiledCodeHeapSize                  = 122909434                              {pd product} {ergonomic}
    uintx ProfiledCodeHeapSize                     = 122909434                              {pd product} {ergonomic}
    uintx ReservedCodeCacheSize                    = 251658240                              {pd product} {ergonomic}
     bool SegmentedCodeCache                       = true                                      {product} {ergonomic}
   size_t SoftMaxHeapSize                          = 3221225472                             {manageable} {ergonomic}
     bool UseCompressedClassPointers               = true                           {product lp64_product} {ergonomic}
     bool UseCompressedOops                        = true                           {product lp64_product} {ergonomic}
     bool UseG1GC                                  = true                                      {product} {ergonomic}
     bool UseNUMA                                  = false                                     {product} {ergonomic}
     bool UseNUMAInterleaving                      = false                                     {product} {ergonomic}

Logging:
Log output configuration:
 #0: stdout all=warning uptime,level,tags
 #1: stderr all=off uptime,level,tags

Environment Variables:
PATH=/Library/Frameworks/Python.framework/Versions/3.8/bin:/usr/local/bin:/usr/bin:/bin:/usr/sbin:/sbin
SHELL=/bin/bash
LC_CTYPE=es_MX.UTF-8

Signal Handlers:
SIGSEGV: [libjvm.dylib+0xa7bdc0], sa_mask[0]=11100110000111110111111111111111, sa_flags=SA_ONSTACK|SA_RESTART|SA_SIGINFO
SIGBUS: [libjvm.dylib+0xa7bdc0], sa_mask[0]=11100110000111110111111111111111, sa_flags=SA_RESTART|SA_SIGINFO
SIGFPE: [libjvm.dylib+0xa7bdc0], sa_mask[0]=11100110000111110111111111111111, sa_flags=SA_RESTART|SA_SIGINFO
SIGPIPE: [libjvm.dylib+0x945be0], sa_mask[0]=11100110000111110111111111111111, sa_flags=SA_RESTART|SA_SIGINFO
SIGXFSZ: [libjvm.dylib+0x945be0], sa_mask[0]=11100110000111110111111111111111, sa_flags=SA_RESTART|SA_SIGINFO
SIGILL: [libjvm.dylib+0xa7bdc0], sa_mask[0]=11100110000111110111111111111111, sa_flags=SA_RESTART|SA_SIGINFO
SIGUSR2: [libjvm.dylib+0x946690], sa_mask[0]=00100000000000000000000000000000, sa_flags=SA_RESTART|SA_SIGINFO
SIGHUP: [libjvm.dylib+0x944c50], sa_mask[0]=11100110000111110111111111111111, sa_flags=SA_RESTART|SA_SIGINFO
SIGINT: [libjvm.dylib+0x944c50], sa_mask[0]=11100110000111110111111111111111, sa_flags=SA_RESTART|SA_SIGINFO
SIGTERM: [libjvm.dylib+0x944c50], sa_mask[0]=11100110000111110111111111111111, sa_flags=SA_RESTART|SA_SIGINFO
SIGQUIT: [libjvm.dylib+0x944c50], sa_mask[0]=11100110000111110111111111111111, sa_flags=SA_RESTART|SA_SIGINFO
SIGTRAP: [libjvm.dylib+0xa7bdc0], sa_mask[0]=11100110000111110111111111111111, sa_flags=SA_RESTART|SA_SIGINFO


---------------  S Y S T E M  ---------------

OS:uname: Darwin 17.7.0 Darwin Kernel Version 17.7.0: Fri Oct 30 13:34:27 PDT 2020; root:xnu-4570.71.82.8~1/RELEASE_X86_64 x86_64
OS uptime: 0 days 1:19 hours
rlimit (soft/hard): STACK 8192k/65532k , CORE 0k/infinity , NPROC 1064/1596 , NOFILE 10240/infinity , AS infinity/infinity , CPU infinity/infinity , DATA infinity/infinity , FSIZE infinity/infinity , MEMLOCK infinity/infinity , RSS infinity/infinity
load average: 3.05 2.67 2.54

CPU: total 8 (initial active 8) (4 cores per cpu, 2 threads per core) family 6 model 42 stepping 7 microcode 0x2f, cx8, cmov, fxsr, ht, mmx, sse, sse2, sse3, ssse3, sse4.1, sse4.2, popcnt, tsc, tscinvbit, avx, aes, clmul, vzeroupper, clflush

Memory: 4k page, physical 12582912k(260572k free), swap 1048576k(1030400k free)

vm_info: Java HotSpot(TM) 64-Bit Server VM (16.0.2+7-67) for bsd-amd64 JRE (16.0.2+7-67), built on Jun  8 2021 22:22:46 by "mach5one" with clang 4.2.1 Compatible Apple LLVM 11.0.0 (clang-1100.0.33.17)

END.
